{"/Users/tioprasetyo/tio/projectcode/sawit-pro/src/App.tsx": {"path":"/Users/tioprasetyo/tio/projectcode/sawit-pro/src/App.tsx","statementMap":{"0":{"start":{"line":1,"column":0},"end":{"line":1,"column":34}},"1":{"start":{"line":2,"column":0},"end":{"line":2,"column":70}},"2":{"start":{"line":3,"column":0},"end":{"line":3,"column":39}},"3":{"start":{"line":4,"column":0},"end":{"line":4,"column":32}},"4":{"start":{"line":5,"column":0},"end":{"line":5,"column":41}},"5":{"start":{"line":6,"column":0},"end":{"line":6,"column":null}},"6":{"start":{"line":13,"column":0},"end":{"line":13,"column":38}},"7":{"start":{"line":16,"column":2},"end":{"line":18,"column":9}},"8":{"start":{"line":17,"column":4},"end":{"line":17,"column":18}},"9":{"start":{"line":20,"column":2},"end":{"line":59,"column":4}},"10":{"start":{"line":62,"column":0},"end":{"line":62,"column":19}}},"fnMap":{"0":{"name":"App","decl":{"start":{"line":15,"column":9},"end":{"line":15,"column":12}},"loc":{"start":{"line":15,"column":12},"end":{"line":60,"column":1}}},"1":{"name":"(anonymous_2)","decl":{"start":{"line":16,"column":12},"end":{"line":16,"column":15}},"loc":{"start":{"line":16,"column":17},"end":{"line":18,"column":3}}}},"branchMap":{},"s":{"0":0,"1":0,"2":0,"3":0,"4":0,"5":0,"6":0,"7":0,"8":0,"9":0,"10":0},"f":{"0":0,"1":0},"b":{}}
,"/Users/tioprasetyo/tio/projectcode/sawit-pro/src/components/atoms/Badge.tsx": {"path":"/Users/tioprasetyo/tio/projectcode/sawit-pro/src/components/atoms/Badge.tsx","statementMap":{"0":{"start":{"line":1,"column":0},"end":{"line":1,"column":26}},"1":{"start":{"line":2,"column":0},"end":{"line":2,"column":40}},"2":{"start":{"line":9,"column":43},"end":{"line":11,"column":1}},"3":{"start":{"line":10,"column":2},"end":{"line":10,"column":82}},"4":{"start":{"line":9,"column":13},"end":{"line":9,"column":43}}},"fnMap":{"0":{"name":"(anonymous_1)","decl":{"start":{"line":9,"column":43},"end":{"line":9,"column":44}},"loc":{"start":{"line":9,"column":81},"end":{"line":11,"column":1}}}},"branchMap":{"0":{"loc":{"start":{"line":9,"column":46},"end":{"line":9,"column":65}},"type":"default-arg","locations":[{"start":{"line":9,"column":56},"end":{"line":9,"column":65}}]}},"s":{"0":1,"1":1,"2":1,"3":0,"4":1},"f":{"0":0},"b":{"0":[0]}}
,"/Users/tioprasetyo/tio/projectcode/sawit-pro/src/components/atoms/Button.tsx": {"path":"/Users/tioprasetyo/tio/projectcode/sawit-pro/src/components/atoms/Button.tsx","statementMap":{"0":{"start":{"line":1,"column":0},"end":{"line":1,"column":26}},"1":{"start":{"line":2,"column":0},"end":{"line":2,"column":41}},"2":{"start":{"line":10,"column":45},"end":{"line":25,"column":1}},"3":{"start":{"line":14,"column":10},"end":{"line":14,"column":null}},"4":{"start":{"line":15,"column":10},"end":{"line":16,"column":3}},"5":{"start":{"line":17,"column":2},"end":{"line":24,"column":4}},"6":{"start":{"line":10,"column":13},"end":{"line":10,"column":45}}},"fnMap":{"0":{"name":"(anonymous_2)","decl":{"start":{"line":10,"column":45},"end":{"line":10,"column":46}},"loc":{"start":{"line":16,"column":5},"end":{"line":25,"column":1}}}},"branchMap":{"0":{"loc":{"start":{"line":11,"column":2},"end":{"line":11,"column":21}},"type":"default-arg","locations":[{"start":{"line":11,"column":12},"end":{"line":11,"column":21}}]},"1":{"loc":{"start":{"line":12,"column":2},"end":{"line":12,"column":13}},"type":"default-arg","locations":[{"start":{"line":12,"column":9},"end":{"line":12,"column":13}}]},"2":{"loc":{"start":{"line":13,"column":2},"end":{"line":13,"column":16}},"type":"default-arg","locations":[{"start":{"line":13,"column":14},"end":{"line":13,"column":16}}]}},"s":{"0":1,"1":1,"2":1,"3":16,"4":16,"5":16,"6":1},"f":{"0":16},"b":{"0":[13],"1":[14],"2":[15]}}
,"/Users/tioprasetyo/tio/projectcode/sawit-pro/src/components/atoms/Card.tsx": {"path":"/Users/tioprasetyo/tio/projectcode/sawit-pro/src/components/atoms/Card.tsx","statementMap":{"0":{"start":{"line":1,"column":0},"end":{"line":1,"column":26}},"1":{"start":{"line":2,"column":0},"end":{"line":2,"column":39}},"2":{"start":{"line":10,"column":41},"end":{"line":16,"column":1}},"3":{"start":{"line":11,"column":2},"end":{"line":15,"column":4}},"4":{"start":{"line":10,"column":13},"end":{"line":10,"column":41}},"5":{"start":{"line":18,"column":67},"end":{"line":19,"column":null}},"6":{"start":{"line":19,"column":2},"end":{"line":19,"column":49}},"7":{"start":{"line":18,"column":13},"end":{"line":18,"column":67}},"8":{"start":{"line":22,"column":65},"end":{"line":23,"column":null}},"9":{"start":{"line":23,"column":2},"end":{"line":23,"column":47}},"10":{"start":{"line":22,"column":13},"end":{"line":22,"column":65}},"11":{"start":{"line":26,"column":67},"end":{"line":27,"column":null}},"12":{"start":{"line":27,"column":2},"end":{"line":27,"column":49}},"13":{"start":{"line":26,"column":13},"end":{"line":26,"column":67}}},"fnMap":{"0":{"name":"(anonymous_1)","decl":{"start":{"line":10,"column":41},"end":{"line":10,"column":42}},"loc":{"start":{"line":10,"column":83},"end":{"line":16,"column":1}}},"1":{"name":"(anonymous_2)","decl":{"start":{"line":18,"column":67},"end":{"line":18,"column":68}},"loc":{"start":{"line":19,"column":2},"end":{"line":19,"column":49}}},"2":{"name":"(anonymous_3)","decl":{"start":{"line":22,"column":65},"end":{"line":22,"column":66}},"loc":{"start":{"line":23,"column":2},"end":{"line":23,"column":47}}},"3":{"name":"(anonymous_4)","decl":{"start":{"line":26,"column":67},"end":{"line":26,"column":68}},"loc":{"start":{"line":27,"column":2},"end":{"line":27,"column":49}}}},"branchMap":{"0":{"loc":{"start":{"line":10,"column":54},"end":{"line":10,"column":68}},"type":"default-arg","locations":[{"start":{"line":10,"column":66},"end":{"line":10,"column":68}}]},"1":{"loc":{"start":{"line":12,"column":75},"end":{"line":12,"column":105}},"type":"cond-expr","locations":[{"start":{"line":12,"column":85},"end":{"line":12,"column":93}},{"start":{"line":12,"column":96},"end":{"line":12,"column":105}}]}},"s":{"0":1,"1":1,"2":1,"3":0,"4":1,"5":1,"6":0,"7":1,"8":1,"9":0,"10":1,"11":1,"12":0,"13":1},"f":{"0":0,"1":0,"2":0,"3":0},"b":{"0":[0],"1":[0,0]}}
,"/Users/tioprasetyo/tio/projectcode/sawit-pro/src/components/atoms/Input.tsx": {"path":"/Users/tioprasetyo/tio/projectcode/sawit-pro/src/components/atoms/Input.tsx","statementMap":{"0":{"start":{"line":1,"column":0},"end":{"line":1,"column":26}},"1":{"start":{"line":2,"column":0},"end":{"line":2,"column":40}},"2":{"start":{"line":9,"column":43},"end":{"line":17,"column":1}},"3":{"start":{"line":9,"column":74},"end":{"line":9,"column":79}},"4":{"start":{"line":9,"column":84},"end":{"line":9,"column":88}},"5":{"start":{"line":10,"column":2},"end":{"line":16,"column":4}},"6":{"start":{"line":9,"column":13},"end":{"line":9,"column":43}}},"fnMap":{"0":{"name":"(anonymous_2)","decl":{"start":{"line":9,"column":43},"end":{"line":9,"column":44}},"loc":{"start":{"line":9,"column":90},"end":{"line":17,"column":1}}}},"branchMap":{"0":{"loc":{"start":{"line":9,"column":60},"end":{"line":9,"column":74}},"type":"default-arg","locations":[{"start":{"line":9,"column":72},"end":{"line":9,"column":74}}]},"1":{"loc":{"start":{"line":12,"column":7},"end":{"line":12,"column":63}},"type":"binary-expr","locations":[{"start":{"line":12,"column":7},"end":{"line":12,"column":12}},{"start":{"line":12,"column":16},"end":{"line":12,"column":63}}]},"2":{"loc":{"start":{"line":13,"column":43},"end":{"line":13,"column":73}},"type":"cond-expr","locations":[{"start":{"line":13,"column":51},"end":{"line":13,"column":68}},{"start":{"line":13,"column":71},"end":{"line":13,"column":73}}]},"3":{"loc":{"start":{"line":14,"column":7},"end":{"line":14,"column":61}},"type":"binary-expr","locations":[{"start":{"line":14,"column":7},"end":{"line":14,"column":12}},{"start":{"line":14,"column":16},"end":{"line":14,"column":61}}]}},"s":{"0":1,"1":1,"2":1,"3":0,"4":0,"5":0,"6":1},"f":{"0":0},"b":{"0":[0],"1":[0,0],"2":[0,0],"3":[0,0]}}
,"/Users/tioprasetyo/tio/projectcode/sawit-pro/src/components/atoms/Spinner.tsx": {"path":"/Users/tioprasetyo/tio/projectcode/sawit-pro/src/components/atoms/Spinner.tsx","statementMap":{"0":{"start":{"line":1,"column":0},"end":{"line":1,"column":26}},"1":{"start":{"line":2,"column":0},"end":{"line":2,"column":42}},"2":{"start":{"line":8,"column":47},"end":{"line":10,"column":1}},"3":{"start":{"line":9,"column":2},"end":{"line":9,"column":65}},"4":{"start":{"line":8,"column":13},"end":{"line":8,"column":47}}},"fnMap":{"0":{"name":"(anonymous_1)","decl":{"start":{"line":8,"column":47},"end":{"line":8,"column":48}},"loc":{"start":{"line":8,"column":67},"end":{"line":10,"column":1}}}},"branchMap":{"0":{"loc":{"start":{"line":8,"column":50},"end":{"line":8,"column":61}},"type":"default-arg","locations":[{"start":{"line":8,"column":57},"end":{"line":8,"column":61}}]}},"s":{"0":1,"1":1,"2":1,"3":0,"4":1},"f":{"0":0},"b":{"0":[0]}}
,"/Users/tioprasetyo/tio/projectcode/sawit-pro/src/components/atoms/StatCard.tsx": {"path":"/Users/tioprasetyo/tio/projectcode/sawit-pro/src/components/atoms/StatCard.tsx","statementMap":{"0":{"start":{"line":1,"column":0},"end":{"line":1,"column":26}},"1":{"start":{"line":2,"column":0},"end":{"line":2,"column":43}},"2":{"start":{"line":11,"column":49},"end":{"line":21,"column":1}},"3":{"start":{"line":12,"column":2},"end":{"line":20,"column":4}},"4":{"start":{"line":11,"column":13},"end":{"line":11,"column":49}}},"fnMap":{"0":{"name":"(anonymous_1)","decl":{"start":{"line":11,"column":49},"end":{"line":11,"column":50}},"loc":{"start":{"line":11,"column":97},"end":{"line":21,"column":1}}}},"branchMap":{"0":{"loc":{"start":{"line":11,"column":72},"end":{"line":11,"column":91}},"type":"default-arg","locations":[{"start":{"line":11,"column":82},"end":{"line":11,"column":91}}]},"1":{"loc":{"start":{"line":14,"column":7},"end":{"line":14,"column":56}},"type":"binary-expr","locations":[{"start":{"line":14,"column":7},"end":{"line":14,"column":11}},{"start":{"line":14,"column":15},"end":{"line":14,"column":56}}]}},"s":{"0":1,"1":1,"2":1,"3":0,"4":1},"f":{"0":0},"b":{"0":[0],"1":[0,0]}}
,"/Users/tioprasetyo/tio/projectcode/sawit-pro/src/components/molecules/FormField.tsx": {"path":"/Users/tioprasetyo/tio/projectcode/sawit-pro/src/components/molecules/FormField.tsx","statementMap":{"0":{"start":{"line":1,"column":0},"end":{"line":1,"column":26}},"1":{"start":{"line":2,"column":0},"end":{"line":2,"column":44}},"2":{"start":{"line":10,"column":51},"end":{"line":18,"column":1}},"3":{"start":{"line":11,"column":2},"end":{"line":17,"column":4}},"4":{"start":{"line":10,"column":13},"end":{"line":10,"column":51}}},"fnMap":{"0":{"name":"(anonymous_1)","decl":{"start":{"line":10,"column":51},"end":{"line":10,"column":52}},"loc":{"start":{"line":10,"column":82},"end":{"line":18,"column":1}}}},"branchMap":{"0":{"loc":{"start":{"line":13,"column":7},"end":{"line":13,"column":63}},"type":"binary-expr","locations":[{"start":{"line":13,"column":7},"end":{"line":13,"column":12}},{"start":{"line":13,"column":16},"end":{"line":13,"column":63}}]},"1":{"loc":{"start":{"line":15,"column":7},"end":{"line":15,"column":61}},"type":"binary-expr","locations":[{"start":{"line":15,"column":7},"end":{"line":15,"column":12}},{"start":{"line":15,"column":16},"end":{"line":15,"column":61}}]}},"s":{"0":0,"1":0,"2":0,"3":0,"4":0},"f":{"0":0},"b":{"0":[0,0],"1":[0,0]}}
,"/Users/tioprasetyo/tio/projectcode/sawit-pro/src/components/molecules/Modal.tsx": {"path":"/Users/tioprasetyo/tio/projectcode/sawit-pro/src/components/molecules/Modal.tsx","statementMap":{"0":{"start":{"line":1,"column":0},"end":{"line":1,"column":26}},"1":{"start":{"line":2,"column":0},"end":{"line":2,"column":34}},"2":{"start":{"line":3,"column":0},"end":{"line":3,"column":40}},"3":{"start":{"line":16,"column":43},"end":{"line":52,"column":1}},"4":{"start":{"line":26,"column":2},"end":{"line":26,"column":27}},"5":{"start":{"line":26,"column":15},"end":{"line":26,"column":27}},"6":{"start":{"line":28,"column":2},"end":{"line":51,"column":4}},"7":{"start":{"line":16,"column":13},"end":{"line":16,"column":43}}},"fnMap":{"0":{"name":"(anonymous_1)","decl":{"start":{"line":16,"column":43},"end":{"line":16,"column":44}},"loc":{"start":{"line":25,"column":5},"end":{"line":52,"column":1}}}},"branchMap":{"0":{"loc":{"start":{"line":22,"column":2},"end":{"line":22,"column":25}},"type":"default-arg","locations":[{"start":{"line":22,"column":16},"end":{"line":22,"column":25}}]},"1":{"loc":{"start":{"line":23,"column":2},"end":{"line":23,"column":23}},"type":"default-arg","locations":[{"start":{"line":23,"column":15},"end":{"line":23,"column":23}}]},"2":{"loc":{"start":{"line":24,"column":2},"end":{"line":24,"column":19}},"type":"default-arg","locations":[{"start":{"line":24,"column":14},"end":{"line":24,"column":19}}]},"3":{"loc":{"start":{"line":26,"column":2},"end":{"line":26,"column":27}},"type":"if","locations":[{"start":{"line":26,"column":2},"end":{"line":26,"column":27}}]},"4":{"loc":{"start":{"line":43,"column":11},"end":{"line":46,"column":null}},"type":"binary-expr","locations":[{"start":{"line":43,"column":11},"end":{"line":43,"column":20}},{"start":{"line":44,"column":12},"end":{"line":45,"column":null}}]},"5":{"loc":{"start":{"line":45,"column":15},"end":{"line":45,"column":53}},"type":"cond-expr","locations":[{"start":{"line":45,"column":27},"end":{"line":45,"column":39}},{"start":{"line":45,"column":42},"end":{"line":45,"column":53}}]}},"s":{"0":0,"1":0,"2":0,"3":0,"4":0,"5":0,"6":0,"7":0},"f":{"0":0},"b":{"0":[0],"1":[0],"2":[0],"3":[0],"4":[0,0],"5":[0,0]}}
,"/Users/tioprasetyo/tio/projectcode/sawit-pro/src/components/molecules/Table.tsx": {"path":"/Users/tioprasetyo/tio/projectcode/sawit-pro/src/components/molecules/Table.tsx","statementMap":{"0":{"start":{"line":1,"column":0},"end":{"line":1,"column":26}},"1":{"start":{"line":2,"column":0},"end":{"line":2,"column":40}},"2":{"start":{"line":18,"column":13},"end":{"line":53,"column":2}},"3":{"start":{"line":20,"column":4},"end":{"line":22,"column":5}},"4":{"start":{"line":21,"column":6},"end":{"line":21,"column":65}},"5":{"start":{"line":24,"column":4},"end":{"line":26,"column":5}},"6":{"start":{"line":25,"column":6},"end":{"line":25,"column":69}},"7":{"start":{"line":28,"column":4},"end":{"line":51,"column":6}},"8":{"start":{"line":34,"column":16},"end":{"line":34,"column":43}},"9":{"start":{"line":40,"column":14},"end":{"line":40,"column":30}},"10":{"start":{"line":40,"column":45},"end":{"line":40,"column":62}},"11":{"start":{"line":42,"column":18},"end":{"line":42,"column":null}},"12":{"start":{"line":55,"column":0},"end":{"line":55,"column":28}}},"fnMap":{"0":{"name":"(anonymous_1)","decl":{"start":{"line":19,"column":2},"end":{"line":19,"column":3}},"loc":{"start":{"line":19,"column":86},"end":{"line":52,"column":3}}},"1":{"name":"(anonymous_2)","decl":{"start":{"line":33,"column":27},"end":{"line":33,"column":30}},"loc":{"start":{"line":34,"column":16},"end":{"line":34,"column":43}}},"2":{"name":"(anonymous_3)","decl":{"start":{"line":39,"column":22},"end":{"line":39,"column":23}},"loc":{"start":{"line":40,"column":14},"end":{"line":40,"column":30}}},"3":{"name":"(anonymous_4)","decl":{"start":{"line":40,"column":39},"end":{"line":40,"column":42}},"loc":{"start":{"line":40,"column":45},"end":{"line":40,"column":62}}},"4":{"name":"(anonymous_5)","decl":{"start":{"line":41,"column":29},"end":{"line":41,"column":32}},"loc":{"start":{"line":42,"column":18},"end":{"line":42,"column":null}}}},"branchMap":{"0":{"loc":{"start":{"line":19,"column":29},"end":{"line":19,"column":63}},"type":"default-arg","locations":[{"start":{"line":19,"column":44},"end":{"line":19,"column":63}}]},"1":{"loc":{"start":{"line":20,"column":4},"end":{"line":22,"column":5}},"type":"if","locations":[{"start":{"line":20,"column":4},"end":{"line":22,"column":5}}]},"2":{"loc":{"start":{"line":24,"column":4},"end":{"line":26,"column":5}},"type":"if","locations":[{"start":{"line":24,"column":4},"end":{"line":26,"column":5}}]},"3":{"loc":{"start":{"line":40,"column":45},"end":{"line":40,"column":62}},"type":"cond-expr","locations":[{"start":{"line":40,"column":55},"end":{"line":40,"column":58}},{"start":{"line":40,"column":45},"end":{"line":40,"column":62}}]},"4":{"loc":{"start":{"line":40,"column":45},"end":{"line":40,"column":58}},"type":"binary-expr","locations":[{"start":{"line":40,"column":45},"end":{"line":40,"column":58}},{"start":{"line":40,"column":45},"end":{"line":40,"column":58}}]},"5":{"loc":{"start":{"line":40,"column":75},"end":{"line":40,"column":109}},"type":"cond-expr","locations":[{"start":{"line":40,"column":88},"end":{"line":40,"column":104}},{"start":{"line":40,"column":107},"end":{"line":40,"column":109}}]},"6":{"loc":{"start":{"line":43,"column":21},"end":{"line":43,"column":116}},"type":"cond-expr","locations":[{"start":{"line":43,"column":34},"end":{"line":43,"column":82}},{"start":{"line":43,"column":86},"end":{"line":43,"column":116}}]}},"s":{"0":0,"1":0,"2":0,"3":0,"4":0,"5":0,"6":0,"7":0,"8":0,"9":0,"10":0,"11":0,"12":0},"f":{"0":0,"1":0,"2":0,"3":0,"4":0},"b":{"0":[0],"1":[0],"2":[0],"3":[0,0],"4":[0,0],"5":[0,0],"6":[0,0]}}
,"/Users/tioprasetyo/tio/projectcode/sawit-pro/src/components/organisms/Dashboard.tsx": {"path":"/Users/tioprasetyo/tio/projectcode/sawit-pro/src/components/organisms/Dashboard.tsx","statementMap":{"0":{"start":{"line":1,"column":0},"end":{"line":1,"column":51}},"1":{"start":{"line":2,"column":0},"end":{"line":2,"column":32}},"2":{"start":{"line":4,"column":0},"end":{"line":4,"column":45}},"3":{"start":{"line":5,"column":0},"end":{"line":5,"column":44}},"4":{"start":{"line":7,"column":35},"end":{"line":58,"column":1}},"5":{"start":{"line":8,"column":32},"end":{"line":8,"column":71}},"6":{"start":{"line":9,"column":32},"end":{"line":9,"column":46}},"7":{"start":{"line":10,"column":28},"end":{"line":10,"column":57}},"8":{"start":{"line":12,"column":2},"end":{"line":27,"column":9}},"9":{"start":{"line":13,"column":25},"end":{"line":24,"column":6}},"10":{"start":{"line":13,"column":36},"end":{"line":24,"column":6}},"11":{"start":{"line":14,"column":6},"end":{"line":23,"column":7}},"12":{"start":{"line":15,"column":8},"end":{"line":15,"column":25}},"13":{"start":{"line":16,"column":21},"end":{"line":16,"column":53}},"14":{"start":{"line":17,"column":8},"end":{"line":17,"column":25}},"15":{"start":{"line":18,"column":8},"end":{"line":18,"column":23}},"16":{"start":{"line":20,"column":8},"end":{"line":20,"column":82}},"17":{"start":{"line":22,"column":8},"end":{"line":22,"column":26}},"18":{"start":{"line":26,"column":4},"end":{"line":26,"column":19}},"19":{"start":{"line":29,"column":2},"end":{"line":35,"column":3}},"20":{"start":{"line":30,"column":4},"end":{"line":34,"column":6}},"21":{"start":{"line":37,"column":2},"end":{"line":39,"column":3}},"22":{"start":{"line":38,"column":4},"end":{"line":38,"column":55}},"23":{"start":{"line":41,"column":2},"end":{"line":43,"column":3}},"24":{"start":{"line":42,"column":4},"end":{"line":42,"column":65}},"25":{"start":{"line":45,"column":2},"end":{"line":57,"column":4}},"26":{"start":{"line":7,"column":13},"end":{"line":7,"column":35}}},"fnMap":{"0":{"name":"(anonymous_17)","decl":{"start":{"line":7,"column":35},"end":{"line":7,"column":38}},"loc":{"start":{"line":7,"column":40},"end":{"line":58,"column":1}}},"1":{"name":"(anonymous_18)","decl":{"start":{"line":12,"column":12},"end":{"line":12,"column":15}},"loc":{"start":{"line":12,"column":17},"end":{"line":27,"column":3}}},"2":{"name":"(anonymous_19)","decl":{"start":{"line":13,"column":25},"end":{"line":13,"column":34}},"loc":{"start":{"line":13,"column":36},"end":{"line":24,"column":6}}},"3":{"name":"(anonymous_20)","decl":{"start":{"line":13,"column":36},"end":{"line":13,"column":null}},"loc":{"start":{"line":13,"column":36},"end":{"line":24,"column":5}}}},"branchMap":{"0":{"loc":{"start":{"line":20,"column":17},"end":{"line":20,"column":80}},"type":"cond-expr","locations":[{"start":{"line":20,"column":40},"end":{"line":20,"column":51}},{"start":{"line":20,"column":54},"end":{"line":20,"column":80}}]},"1":{"loc":{"start":{"line":29,"column":2},"end":{"line":35,"column":3}},"type":"if","locations":[{"start":{"line":29,"column":2},"end":{"line":35,"column":3}}]},"2":{"loc":{"start":{"line":37,"column":2},"end":{"line":39,"column":3}},"type":"if","locations":[{"start":{"line":37,"column":2},"end":{"line":39,"column":3}}]},"3":{"loc":{"start":{"line":41,"column":2},"end":{"line":43,"column":3}},"type":"if","locations":[{"start":{"line":41,"column":2},"end":{"line":43,"column":3}}]}},"s":{"0":0,"1":0,"2":0,"3":0,"4":0,"5":0,"6":0,"7":0,"8":0,"9":0,"10":0,"11":0,"12":0,"13":0,"14":0,"15":0,"16":0,"17":0,"18":0,"19":0,"20":0,"21":0,"22":0,"23":0,"24":0,"25":0,"26":0},"f":{"0":0,"1":0,"2":0,"3":0},"b":{"0":[0,0],"1":[0],"2":[0],"3":[0]}}
,"/Users/tioprasetyo/tio/projectcode/sawit-pro/src/components/organisms/DriverList.tsx": {"path":"/Users/tioprasetyo/tio/projectcode/sawit-pro/src/components/organisms/DriverList.tsx","statementMap":{"0":{"start":{"line":1,"column":0},"end":{"line":1,"column":26}},"1":{"start":{"line":2,"column":0},"end":{"line":2,"column":59}},"2":{"start":{"line":3,"column":0},"end":{"line":3,"column":37}},"3":{"start":{"line":4,"column":0},"end":{"line":4,"column":42}},"4":{"start":{"line":5,"column":0},"end":{"line":5,"column":45}},"5":{"start":{"line":7,"column":36},"end":{"line":44,"column":1}},"6":{"start":{"line":8,"column":23},"end":{"line":8,"column":40}},"7":{"start":{"line":10,"column":18},"end":{"line":30,"column":4}},"8":{"start":{"line":27,"column":8},"end":{"line":27,"column":88}},"9":{"start":{"line":32,"column":2},"end":{"line":43,"column":4}},"10":{"start":{"line":7,"column":13},"end":{"line":7,"column":36}}},"fnMap":{"0":{"name":"(anonymous_1)","decl":{"start":{"line":7,"column":36},"end":{"line":7,"column":39}},"loc":{"start":{"line":7,"column":41},"end":{"line":44,"column":1}}},"1":{"name":"(anonymous_2)","decl":{"start":{"line":26,"column":14},"end":{"line":26,"column":15}},"loc":{"start":{"line":27,"column":8},"end":{"line":27,"column":88}}}},"branchMap":{"0":{"loc":{"start":{"line":27,"column":24},"end":{"line":27,"column":70}},"type":"cond-expr","locations":[{"start":{"line":27,"column":49},"end":{"line":27,"column":58}},{"start":{"line":27,"column":61},"end":{"line":27,"column":70}}]},"1":{"loc":{"start":{"line":35,"column":7},"end":{"line":40,"column":null}},"type":"cond-expr","locations":[{"start":{"line":36,"column":8},"end":{"line":36,"column":19}},{"start":{"line":37,"column":10},"end":{"line":40,"column":null}}]},"2":{"loc":{"start":{"line":37,"column":10},"end":{"line":40,"column":null}},"type":"cond-expr","locations":[{"start":{"line":38,"column":8},"end":{"line":38,"column":64}},{"start":{"line":40,"column":8},"end":{"line":40,"column":61}}]}},"s":{"0":0,"1":0,"2":0,"3":0,"4":0,"5":0,"6":0,"7":0,"8":0,"9":0,"10":0},"f":{"0":0,"1":0},"b":{"0":[0,0],"1":[0,0],"2":[0,0]}}
,"/Users/tioprasetyo/tio/projectcode/sawit-pro/src/components/organisms/MillList.tsx": {"path":"/Users/tioprasetyo/tio/projectcode/sawit-pro/src/components/organisms/MillList.tsx","statementMap":{"0":{"start":{"line":1,"column":0},"end":{"line":1,"column":26}},"1":{"start":{"line":2,"column":0},"end":{"line":2,"column":57}},"2":{"start":{"line":3,"column":0},"end":{"line":3,"column":37}},"3":{"start":{"line":4,"column":0},"end":{"line":4,"column":35}},"4":{"start":{"line":5,"column":0},"end":{"line":5,"column":45}},"5":{"start":{"line":7,"column":34},"end":{"line":41,"column":1}},"6":{"start":{"line":8,"column":21},"end":{"line":8,"column":36}},"7":{"start":{"line":10,"column":18},"end":{"line":27,"column":4}},"8":{"start":{"line":29,"column":2},"end":{"line":40,"column":4}},"9":{"start":{"line":7,"column":13},"end":{"line":7,"column":34}}},"fnMap":{"0":{"name":"(anonymous_1)","decl":{"start":{"line":7,"column":34},"end":{"line":7,"column":37}},"loc":{"start":{"line":7,"column":39},"end":{"line":41,"column":1}}}},"branchMap":{"0":{"loc":{"start":{"line":32,"column":7},"end":{"line":37,"column":null}},"type":"cond-expr","locations":[{"start":{"line":33,"column":8},"end":{"line":33,"column":19}},{"start":{"line":34,"column":10},"end":{"line":37,"column":null}}]},"1":{"loc":{"start":{"line":34,"column":10},"end":{"line":37,"column":null}},"type":"cond-expr","locations":[{"start":{"line":35,"column":8},"end":{"line":35,"column":62}},{"start":{"line":37,"column":8},"end":{"line":37,"column":59}}]}},"s":{"0":0,"1":0,"2":0,"3":0,"4":0,"5":0,"6":0,"7":0,"8":0,"9":0},"f":{"0":0},"b":{"0":[0,0],"1":[0,0]}}
,"/Users/tioprasetyo/tio/projectcode/sawit-pro/src/components/organisms/TripList.tsx": {"path":"/Users/tioprasetyo/tio/projectcode/sawit-pro/src/components/organisms/TripList.tsx","statementMap":{"0":{"start":{"line":1,"column":0},"end":{"line":1,"column":26}},"1":{"start":{"line":2,"column":0},"end":{"line":2,"column":42}},"2":{"start":{"line":3,"column":0},"end":{"line":3,"column":92}},"3":{"start":{"line":4,"column":0},"end":{"line":4,"column":37}},"4":{"start":{"line":5,"column":0},"end":{"line":5,"column":42}},"5":{"start":{"line":7,"column":0},"end":{"line":7,"column":34}},"6":{"start":{"line":8,"column":0},"end":{"line":8,"column":45}},"7":{"start":{"line":10,"column":34},"end":{"line":72,"column":1}},"8":{"start":{"line":11,"column":21},"end":{"line":11,"column":36}},"9":{"start":{"line":12,"column":23},"end":{"line":12,"column":40}},"10":{"start":{"line":13,"column":24},"end":{"line":13,"column":42}},"11":{"start":{"line":15,"column":18},"end":{"line":15,"column":72}},"12":{"start":{"line":15,"column":52},"end":{"line":15,"column":71}},"13":{"start":{"line":16,"column":19},"end":{"line":16,"column":74}},"14":{"start":{"line":16,"column":53},"end":{"line":16,"column":73}},"15":{"start":{"line":18,"column":24},"end":{"line":20,"column":3}},"16":{"start":{"line":19,"column":4},"end":{"line":19,"column":63}},"17":{"start":{"line":19,"column":29},"end":{"line":19,"column":46}},"18":{"start":{"line":22,"column":26},"end":{"line":24,"column":3}},"19":{"start":{"line":23,"column":4},"end":{"line":23,"column":72}},"20":{"start":{"line":23,"column":30},"end":{"line":23,"column":48}},"21":{"start":{"line":26,"column":18},"end":{"line":58,"column":4}},"22":{"start":{"line":30,"column":30},"end":{"line":30,"column":48}},"23":{"start":{"line":35,"column":37},"end":{"line":35,"column":63}},"24":{"start":{"line":40,"column":36},"end":{"line":40,"column":59}},"25":{"start":{"line":45,"column":29},"end":{"line":45,"column":65}},"26":{"start":{"line":51,"column":65},"end":{"line":51,"column":71}},"27":{"start":{"line":52,"column":8},"end":{"line":54,"column":60}},"28":{"start":{"line":52,"column":36},"end":{"line":52,"column":56}},"29":{"start":{"line":53,"column":13},"end":{"line":54,"column":60}},"30":{"start":{"line":53,"column":43},"end":{"line":53,"column":60}},"31":{"start":{"line":54,"column":13},"end":{"line":54,"column":60}},"32":{"start":{"line":54,"column":41},"end":{"line":54,"column":60}},"33":{"start":{"line":55,"column":8},"end":{"line":55,"column":57}},"34":{"start":{"line":60,"column":2},"end":{"line":71,"column":4}},"35":{"start":{"line":10,"column":13},"end":{"line":10,"column":34}}},"fnMap":{"0":{"name":"(anonymous_1)","decl":{"start":{"line":10,"column":34},"end":{"line":10,"column":37}},"loc":{"start":{"line":10,"column":39},"end":{"line":72,"column":1}}},"1":{"name":"(anonymous_2)","decl":{"start":{"line":15,"column":30},"end":{"line":15,"column":31}},"loc":{"start":{"line":15,"column":52},"end":{"line":15,"column":71}}},"2":{"name":"(anonymous_3)","decl":{"start":{"line":16,"column":31},"end":{"line":16,"column":32}},"loc":{"start":{"line":16,"column":53},"end":{"line":16,"column":73}}},"3":{"name":"(anonymous_4)","decl":{"start":{"line":18,"column":24},"end":{"line":18,"column":25}},"loc":{"start":{"line":18,"column":45},"end":{"line":20,"column":3}}},"4":{"name":"(anonymous_5)","decl":{"start":{"line":19,"column":24},"end":{"line":19,"column":25}},"loc":{"start":{"line":19,"column":29},"end":{"line":19,"column":46}}},"5":{"name":"(anonymous_6)","decl":{"start":{"line":22,"column":26},"end":{"line":22,"column":27}},"loc":{"start":{"line":22,"column":48},"end":{"line":24,"column":3}}},"6":{"name":"(anonymous_7)","decl":{"start":{"line":23,"column":25},"end":{"line":23,"column":26}},"loc":{"start":{"line":23,"column":30},"end":{"line":23,"column":48}}},"7":{"name":"(anonymous_8)","decl":{"start":{"line":30,"column":14},"end":{"line":30,"column":15}},"loc":{"start":{"line":30,"column":30},"end":{"line":30,"column":48}}},"8":{"name":"(anonymous_9)","decl":{"start":{"line":35,"column":14},"end":{"line":35,"column":15}},"loc":{"start":{"line":35,"column":37},"end":{"line":35,"column":63}}},"9":{"name":"(anonymous_10)","decl":{"start":{"line":40,"column":14},"end":{"line":40,"column":15}},"loc":{"start":{"line":40,"column":36},"end":{"line":40,"column":59}}},"10":{"name":"(anonymous_11)","decl":{"start":{"line":45,"column":14},"end":{"line":45,"column":15}},"loc":{"start":{"line":45,"column":29},"end":{"line":45,"column":65}}},"11":{"name":"(anonymous_12)","decl":{"start":{"line":50,"column":14},"end":{"line":50,"column":15}},"loc":{"start":{"line":50,"column":33},"end":{"line":56,"column":7}}}},"branchMap":{"0":{"loc":{"start":{"line":19,"column":11},"end":{"line":19,"column":62}},"type":"binary-expr","locations":[{"start":{"line":19,"column":11},"end":{"line":19,"column":53}},{"start":{"line":19,"column":57},"end":{"line":19,"column":62}}]},"1":{"loc":{"start":{"line":19,"column":11},"end":{"line":19,"column":53}},"type":"cond-expr","locations":[{"start":{"line":19,"column":47},"end":{"line":19,"column":49}},{"start":{"line":19,"column":47},"end":{"line":19,"column":53}}]},"2":{"loc":{"start":{"line":19,"column":11},"end":{"line":19,"column":49}},"type":"binary-expr","locations":[{"start":{"line":19,"column":11},"end":{"line":19,"column":49}},{"start":{"line":19,"column":47},"end":{"line":19,"column":49}}]},"3":{"loc":{"start":{"line":23,"column":11},"end":{"line":23,"column":71}},"type":"binary-expr","locations":[{"start":{"line":23,"column":11},"end":{"line":23,"column":62}},{"start":{"line":23,"column":66},"end":{"line":23,"column":71}}]},"4":{"loc":{"start":{"line":23,"column":11},"end":{"line":23,"column":62}},"type":"cond-expr","locations":[{"start":{"line":23,"column":49},"end":{"line":23,"column":51}},{"start":{"line":23,"column":49},"end":{"line":23,"column":62}}]},"5":{"loc":{"start":{"line":23,"column":11},"end":{"line":23,"column":51}},"type":"binary-expr","locations":[{"start":{"line":23,"column":11},"end":{"line":23,"column":51}},{"start":{"line":23,"column":49},"end":{"line":23,"column":51}}]},"6":{"loc":{"start":{"line":52,"column":8},"end":{"line":54,"column":60}},"type":"if","locations":[{"start":{"line":52,"column":8},"end":{"line":54,"column":60}},{"start":{"line":53,"column":13},"end":{"line":54,"column":60}}]},"7":{"loc":{"start":{"line":53,"column":13},"end":{"line":54,"column":60}},"type":"if","locations":[{"start":{"line":53,"column":13},"end":{"line":54,"column":60}},{"start":{"line":54,"column":13},"end":{"line":54,"column":60}}]},"8":{"loc":{"start":{"line":54,"column":13},"end":{"line":54,"column":60}},"type":"if","locations":[{"start":{"line":54,"column":13},"end":{"line":54,"column":60}}]},"9":{"loc":{"start":{"line":63,"column":7},"end":{"line":68,"column":null}},"type":"cond-expr","locations":[{"start":{"line":64,"column":8},"end":{"line":64,"column":19}},{"start":{"line":65,"column":10},"end":{"line":68,"column":null}}]},"10":{"loc":{"start":{"line":63,"column":7},"end":{"line":63,"column":74}},"type":"binary-expr","locations":[{"start":{"line":63,"column":7},"end":{"line":63,"column":25}},{"start":{"line":63,"column":29},"end":{"line":63,"column":49}},{"start":{"line":63,"column":53},"end":{"line":63,"column":74}}]},"11":{"loc":{"start":{"line":65,"column":10},"end":{"line":68,"column":null}},"type":"cond-expr","locations":[{"start":{"line":66,"column":8},"end":{"line":66,"column":62}},{"start":{"line":68,"column":8},"end":{"line":68,"column":59}}]}},"s":{"0":0,"1":0,"2":0,"3":0,"4":0,"5":0,"6":0,"7":0,"8":0,"9":0,"10":0,"11":0,"12":0,"13":0,"14":0,"15":0,"16":0,"17":0,"18":0,"19":0,"20":0,"21":0,"22":0,"23":0,"24":0,"25":0,"26":0,"27":0,"28":0,"29":0,"30":0,"31":0,"32":0,"33":0,"34":0,"35":0},"f":{"0":0,"1":0,"2":0,"3":0,"4":0,"5":0,"6":0,"7":0,"8":0,"9":0,"10":0,"11":0},"b":{"0":[0,0],"1":[0,0],"2":[0,0],"3":[0,0],"4":[0,0],"5":[0,0],"6":[0,0],"7":[0,0],"8":[0],"9":[0,0],"10":[0,0,0],"11":[0,0]}}
,"/Users/tioprasetyo/tio/projectcode/sawit-pro/src/components/organisms/VehicleForm.tsx": {"path":"/Users/tioprasetyo/tio/projectcode/sawit-pro/src/components/organisms/VehicleForm.tsx","statementMap":{"0":{"start":{"line":1,"column":0},"end":{"line":1,"column":40}},"1":{"start":{"line":2,"column":0},"end":{"line":2,"column":42}},"2":{"start":{"line":4,"column":0},"end":{"line":4,"column":57}},"3":{"start":{"line":5,"column":0},"end":{"line":5,"column":48}},"4":{"start":{"line":6,"column":0},"end":{"line":6,"column":33}},"5":{"start":{"line":7,"column":0},"end":{"line":7,"column":32}},"6":{"start":{"line":8,"column":0},"end":{"line":8,"column":69}},"7":{"start":{"line":9,"column":0},"end":{"line":9,"column":46}},"8":{"start":{"line":17,"column":48},"end":{"line":140,"column":1}},"9":{"start":{"line":18,"column":19},"end":{"line":18,"column":32}},"10":{"start":{"line":19,"column":34},"end":{"line":25,"column":4}},"11":{"start":{"line":26,"column":32},"end":{"line":26,"column":47}},"12":{"start":{"line":27,"column":30},"end":{"line":27,"column":66}},"13":{"start":{"line":29,"column":23},"end":{"line":44,"column":3}},"14":{"start":{"line":30,"column":46},"end":{"line":30,"column":48}},"15":{"start":{"line":32,"column":4},"end":{"line":34,"column":5}},"16":{"start":{"line":33,"column":6},"end":{"line":33,"column":57}},"17":{"start":{"line":35,"column":4},"end":{"line":37,"column":5}},"18":{"start":{"line":36,"column":6},"end":{"line":36,"column":48}},"19":{"start":{"line":38,"column":4},"end":{"line":40,"column":5}},"20":{"start":{"line":39,"column":6},"end":{"line":39,"column":61}},"21":{"start":{"line":42,"column":4},"end":{"line":42,"column":25}},"22":{"start":{"line":43,"column":4},"end":{"line":43,"column":47}},"23":{"start":{"line":46,"column":24},"end":{"line":68,"column":4}},"24":{"start":{"line":46,"column":35},"end":{"line":68,"column":4}},"25":{"start":{"line":47,"column":4},"end":{"line":47,"column":32}},"26":{"start":{"line":47,"column":25},"end":{"line":47,"column":32}},"27":{"start":{"line":49,"column":4},"end":{"line":67,"column":5}},"28":{"start":{"line":50,"column":6},"end":{"line":50,"column":23}},"29":{"start":{"line":52,"column":6},"end":{"line":60,"column":7}},"30":{"start":{"line":53,"column":24},"end":{"line":53,"column":71}},"31":{"start":{"line":54,"column":8},"end":{"line":56,"column":9}},"32":{"start":{"line":55,"column":10},"end":{"line":55,"column":43}},"33":{"start":{"line":58,"column":27},"end":{"line":58,"column":69}},"34":{"start":{"line":59,"column":8},"end":{"line":59,"column":41}},"35":{"start":{"line":62,"column":6},"end":{"line":62,"column":16}},"36":{"start":{"line":64,"column":6},"end":{"line":64,"column":53}},"37":{"start":{"line":66,"column":6},"end":{"line":66,"column":24}},"38":{"start":{"line":70,"column":2},"end":{"line":139,"column":4}},"39":{"start":{"line":85,"column":27},"end":{"line":85,"column":84}},"40":{"start":{"line":92,"column":27},"end":{"line":92,"column":92}},"41":{"start":{"line":106,"column":27},"end":{"line":106,"column":89}},"42":{"start":{"line":113,"column":27},"end":{"line":113,"column":81}},"43":{"start":{"line":118,"column":14},"end":{"line":118,"column":38}},"44":{"start":{"line":128,"column":27},"end":{"line":128,"column":96}},"45":{"start":{"line":142,"column":0},"end":{"line":142,"column":27}}},"fnMap":{"0":{"name":"(anonymous_17)","decl":{"start":{"line":17,"column":48},"end":{"line":17,"column":49}},"loc":{"start":{"line":17,"column":82},"end":{"line":140,"column":1}}},"1":{"name":"(anonymous_18)","decl":{"start":{"line":29,"column":23},"end":{"line":29,"column":35}},"loc":{"start":{"line":29,"column":37},"end":{"line":44,"column":3}}},"2":{"name":"(anonymous_19)","decl":{"start":{"line":46,"column":24},"end":{"line":46,"column":33}},"loc":{"start":{"line":46,"column":35},"end":{"line":68,"column":4}}},"3":{"name":"(anonymous_20)","decl":{"start":{"line":46,"column":35},"end":{"line":46,"column":null}},"loc":{"start":{"line":46,"column":35},"end":{"line":68,"column":3}}},"4":{"name":"(anonymous_21)","decl":{"start":{"line":85,"column":22},"end":{"line":85,"column":23}},"loc":{"start":{"line":85,"column":27},"end":{"line":85,"column":84}}},"5":{"name":"(anonymous_22)","decl":{"start":{"line":92,"column":22},"end":{"line":92,"column":23}},"loc":{"start":{"line":92,"column":27},"end":{"line":92,"column":92}}},"6":{"name":"(anonymous_23)","decl":{"start":{"line":106,"column":22},"end":{"line":106,"column":23}},"loc":{"start":{"line":106,"column":27},"end":{"line":106,"column":89}}},"7":{"name":"(anonymous_24)","decl":{"start":{"line":113,"column":22},"end":{"line":113,"column":23}},"loc":{"start":{"line":113,"column":27},"end":{"line":113,"column":81}}},"8":{"name":"(anonymous_25)","decl":{"start":{"line":117,"column":25},"end":{"line":117,"column":31}},"loc":{"start":{"line":118,"column":14},"end":{"line":118,"column":38}}},"9":{"name":"(anonymous_26)","decl":{"start":{"line":128,"column":22},"end":{"line":128,"column":23}},"loc":{"start":{"line":128,"column":27},"end":{"line":128,"column":96}}}},"branchMap":{"0":{"loc":{"start":{"line":20,"column":17},"end":{"line":20,"column":43}},"type":"binary-expr","locations":[{"start":{"line":20,"column":17},"end":{"line":20,"column":37}},{"start":{"line":20,"column":41},"end":{"line":20,"column":43}}]},"1":{"loc":{"start":{"line":20,"column":17},"end":{"line":20,"column":37}},"type":"cond-expr","locations":[{"start":{"line":20,"column":24},"end":{"line":20,"column":26}},{"start":{"line":20,"column":17},"end":{"line":20,"column":37}}]},"2":{"loc":{"start":{"line":20,"column":17},"end":{"line":20,"column":26}},"type":"binary-expr","locations":[{"start":{"line":20,"column":17},"end":{"line":20,"column":26}},{"start":{"line":20,"column":17},"end":{"line":20,"column":26}}]},"3":{"loc":{"start":{"line":21,"column":10},"end":{"line":21,"column":44}},"type":"binary-expr","locations":[{"start":{"line":21,"column":10},"end":{"line":21,"column":23}},{"start":{"line":21,"column":27},"end":{"line":21,"column":44}}]},"4":{"loc":{"start":{"line":21,"column":10},"end":{"line":21,"column":23}},"type":"cond-expr","locations":[{"start":{"line":21,"column":17},"end":{"line":21,"column":19}},{"start":{"line":21,"column":10},"end":{"line":21,"column":23}}]},"5":{"loc":{"start":{"line":21,"column":10},"end":{"line":21,"column":19}},"type":"binary-expr","locations":[{"start":{"line":21,"column":10},"end":{"line":21,"column":19}},{"start":{"line":21,"column":10},"end":{"line":21,"column":19}}]},"6":{"loc":{"start":{"line":22,"column":14},"end":{"line":22,"column":37}},"type":"binary-expr","locations":[{"start":{"line":22,"column":14},"end":{"line":22,"column":31}},{"start":{"line":22,"column":35},"end":{"line":22,"column":37}}]},"7":{"loc":{"start":{"line":22,"column":14},"end":{"line":22,"column":31}},"type":"cond-expr","locations":[{"start":{"line":22,"column":21},"end":{"line":22,"column":23}},{"start":{"line":22,"column":14},"end":{"line":22,"column":31}}]},"8":{"loc":{"start":{"line":22,"column":14},"end":{"line":22,"column":23}},"type":"binary-expr","locations":[{"start":{"line":22,"column":14},"end":{"line":22,"column":23}},{"start":{"line":22,"column":14},"end":{"line":22,"column":23}}]},"9":{"loc":{"start":{"line":23,"column":14},"end":{"line":23,"column":37}},"type":"binary-expr","locations":[{"start":{"line":23,"column":14},"end":{"line":23,"column":31}},{"start":{"line":23,"column":35},"end":{"line":23,"column":37}}]},"10":{"loc":{"start":{"line":23,"column":14},"end":{"line":23,"column":31}},"type":"cond-expr","locations":[{"start":{"line":23,"column":21},"end":{"line":23,"column":23}},{"start":{"line":23,"column":14},"end":{"line":23,"column":31}}]},"11":{"loc":{"start":{"line":23,"column":14},"end":{"line":23,"column":23}},"type":"binary-expr","locations":[{"start":{"line":23,"column":14},"end":{"line":23,"column":23}},{"start":{"line":23,"column":14},"end":{"line":23,"column":23}}]},"12":{"loc":{"start":{"line":24,"column":12},"end":{"line":24,"column":51}},"type":"binary-expr","locations":[{"start":{"line":24,"column":12},"end":{"line":24,"column":27}},{"start":{"line":24,"column":31},"end":{"line":24,"column":51}}]},"13":{"loc":{"start":{"line":24,"column":12},"end":{"line":24,"column":27}},"type":"cond-expr","locations":[{"start":{"line":24,"column":19},"end":{"line":24,"column":21}},{"start":{"line":24,"column":12},"end":{"line":24,"column":27}}]},"14":{"loc":{"start":{"line":24,"column":12},"end":{"line":24,"column":21}},"type":"binary-expr","locations":[{"start":{"line":24,"column":12},"end":{"line":24,"column":21}},{"start":{"line":24,"column":12},"end":{"line":24,"column":21}}]},"15":{"loc":{"start":{"line":32,"column":4},"end":{"line":34,"column":5}},"type":"if","locations":[{"start":{"line":32,"column":4},"end":{"line":34,"column":5}}]},"16":{"loc":{"start":{"line":35,"column":4},"end":{"line":37,"column":5}},"type":"if","locations":[{"start":{"line":35,"column":4},"end":{"line":37,"column":5}}]},"17":{"loc":{"start":{"line":38,"column":4},"end":{"line":40,"column":5}},"type":"if","locations":[{"start":{"line":38,"column":4},"end":{"line":40,"column":5}}]},"18":{"loc":{"start":{"line":47,"column":4},"end":{"line":47,"column":32}},"type":"if","locations":[{"start":{"line":47,"column":4},"end":{"line":47,"column":32}}]},"19":{"loc":{"start":{"line":52,"column":6},"end":{"line":60,"column":7}},"type":"if","locations":[{"start":{"line":52,"column":6},"end":{"line":60,"column":7}},{"start":{"line":57,"column":13},"end":{"line":60,"column":7}}]},"20":{"loc":{"start":{"line":54,"column":8},"end":{"line":56,"column":9}},"type":"if","locations":[{"start":{"line":54,"column":8},"end":{"line":56,"column":9}}]},"21":{"loc":{"start":{"line":73,"column":13},"end":{"line":73,"column":53}},"type":"cond-expr","locations":[{"start":{"line":73,"column":23},"end":{"line":73,"column":37}},{"start":{"line":73,"column":40},"end":{"line":73,"column":53}}]},"22":{"loc":{"start":{"line":76,"column":19},"end":{"line":76,"column":48}},"type":"cond-expr","locations":[{"start":{"line":76,"column":29},"end":{"line":76,"column":37}},{"start":{"line":76,"column":40},"end":{"line":76,"column":48}}]}},"s":{"0":0,"1":0,"2":0,"3":0,"4":0,"5":0,"6":0,"7":0,"8":0,"9":0,"10":0,"11":0,"12":0,"13":0,"14":0,"15":0,"16":0,"17":0,"18":0,"19":0,"20":0,"21":0,"22":0,"23":0,"24":0,"25":0,"26":0,"27":0,"28":0,"29":0,"30":0,"31":0,"32":0,"33":0,"34":0,"35":0,"36":0,"37":0,"38":0,"39":0,"40":0,"41":0,"42":0,"43":0,"44":0,"45":0},"f":{"0":0,"1":0,"2":0,"3":0,"4":0,"5":0,"6":0,"7":0,"8":0,"9":0},"b":{"0":[0,0],"1":[0,0],"2":[0,0],"3":[0,0],"4":[0,0],"5":[0,0],"6":[0,0],"7":[0,0],"8":[0,0],"9":[0,0],"10":[0,0],"11":[0,0],"12":[0,0],"13":[0,0],"14":[0,0],"15":[0],"16":[0],"17":[0],"18":[0],"19":[0,0],"20":[0],"21":[0,0],"22":[0,0]}}
,"/Users/tioprasetyo/tio/projectcode/sawit-pro/src/components/organisms/VehicleList.tsx": {"path":"/Users/tioprasetyo/tio/projectcode/sawit-pro/src/components/organisms/VehicleList.tsx","statementMap":{"0":{"start":{"line":1,"column":0},"end":{"line":1,"column":40}},"1":{"start":{"line":2,"column":0},"end":{"line":2,"column":55}},"2":{"start":{"line":3,"column":0},"end":{"line":3,"column":60}},"3":{"start":{"line":5,"column":0},"end":{"line":5,"column":37}},"4":{"start":{"line":6,"column":0},"end":{"line":6,"column":50}},"5":{"start":{"line":7,"column":0},"end":{"line":7,"column":32}},"6":{"start":{"line":8,"column":0},"end":{"line":8,"column":57}},"7":{"start":{"line":10,"column":0},"end":{"line":10,"column":46}},"8":{"start":{"line":11,"column":0},"end":{"line":11,"column":40}},"9":{"start":{"line":13,"column":37},"end":{"line":113,"column":1}},"10":{"start":{"line":14,"column":19},"end":{"line":14,"column":32}},"11":{"start":{"line":15,"column":24},"end":{"line":15,"column":42}},"12":{"start":{"line":16,"column":18},"end":{"line":16,"column":72}},"13":{"start":{"line":16,"column":52},"end":{"line":16,"column":71}},"14":{"start":{"line":17,"column":34},"end":{"line":17,"column":49}},"15":{"start":{"line":18,"column":48},"end":{"line":18,"column":78}},"16":{"start":{"line":20,"column":23},"end":{"line":29,"column":4}},"17":{"start":{"line":20,"column":44},"end":{"line":29,"column":4}},"18":{"start":{"line":21,"column":4},"end":{"line":28,"column":5}},"19":{"start":{"line":22,"column":6},"end":{"line":27,"column":7}},"20":{"start":{"line":23,"column":8},"end":{"line":23,"column":38}},"21":{"start":{"line":24,"column":8},"end":{"line":24,"column":36}},"22":{"start":{"line":26,"column":8},"end":{"line":26,"column":58}},"23":{"start":{"line":31,"column":21},"end":{"line":34,"column":3}},"24":{"start":{"line":32,"column":4},"end":{"line":32,"column":32}},"25":{"start":{"line":33,"column":4},"end":{"line":33,"column":22}},"26":{"start":{"line":36,"column":20},"end":{"line":39,"column":3}},"27":{"start":{"line":37,"column":4},"end":{"line":37,"column":29}},"28":{"start":{"line":38,"column":4},"end":{"line":38,"column":22}},"29":{"start":{"line":41,"column":26},"end":{"line":44,"column":3}},"30":{"start":{"line":42,"column":4},"end":{"line":42,"column":23}},"31":{"start":{"line":43,"column":4},"end":{"line":43,"column":29}},"32":{"start":{"line":46,"column":24},"end":{"line":48,"column":3}},"33":{"start":{"line":47,"column":4},"end":{"line":47,"column":63}},"34":{"start":{"line":47,"column":29},"end":{"line":47,"column":46}},"35":{"start":{"line":50,"column":18},"end":{"line":89,"column":4}},"36":{"start":{"line":66,"column":36},"end":{"line":66,"column":59}},"37":{"start":{"line":72,"column":8},"end":{"line":72,"column":85}},"38":{"start":{"line":79,"column":8},"end":{"line":85,"column":null}},"39":{"start":{"line":80,"column":63},"end":{"line":80,"column":82}},"40":{"start":{"line":83,"column":60},"end":{"line":83,"column":84}},"41":{"start":{"line":91,"column":2},"end":{"line":112,"column":4}},"42":{"start":{"line":13,"column":13},"end":{"line":13,"column":37}}},"fnMap":{"0":{"name":"(anonymous_17)","decl":{"start":{"line":13,"column":37},"end":{"line":13,"column":40}},"loc":{"start":{"line":13,"column":42},"end":{"line":113,"column":1}}},"1":{"name":"(anonymous_18)","decl":{"start":{"line":16,"column":30},"end":{"line":16,"column":31}},"loc":{"start":{"line":16,"column":52},"end":{"line":16,"column":71}}},"2":{"name":"(anonymous_19)","decl":{"start":{"line":20,"column":23},"end":{"line":20,"column":30}},"loc":{"start":{"line":20,"column":44},"end":{"line":29,"column":4}}},"3":{"name":"(anonymous_20)","decl":{"start":{"line":20,"column":44},"end":{"line":20,"column":null}},"loc":{"start":{"line":20,"column":44},"end":{"line":29,"column":3}}},"4":{"name":"(anonymous_21)","decl":{"start":{"line":31,"column":21},"end":{"line":31,"column":22}},"loc":{"start":{"line":31,"column":42},"end":{"line":34,"column":3}}},"5":{"name":"(anonymous_22)","decl":{"start":{"line":36,"column":20},"end":{"line":36,"column":23}},"loc":{"start":{"line":36,"column":25},"end":{"line":39,"column":3}}},"6":{"name":"(anonymous_23)","decl":{"start":{"line":41,"column":26},"end":{"line":41,"column":29}},"loc":{"start":{"line":41,"column":31},"end":{"line":44,"column":3}}},"7":{"name":"(anonymous_24)","decl":{"start":{"line":46,"column":24},"end":{"line":46,"column":25}},"loc":{"start":{"line":46,"column":45},"end":{"line":48,"column":3}}},"8":{"name":"(anonymous_25)","decl":{"start":{"line":47,"column":24},"end":{"line":47,"column":25}},"loc":{"start":{"line":47,"column":29},"end":{"line":47,"column":46}}},"9":{"name":"(anonymous_26)","decl":{"start":{"line":66,"column":14},"end":{"line":66,"column":15}},"loc":{"start":{"line":66,"column":36},"end":{"line":66,"column":59}}},"10":{"name":"(anonymous_27)","decl":{"start":{"line":71,"column":14},"end":{"line":71,"column":15}},"loc":{"start":{"line":72,"column":8},"end":{"line":72,"column":85}}},"11":{"name":"(anonymous_28)","decl":{"start":{"line":78,"column":14},"end":{"line":78,"column":15}},"loc":{"start":{"line":79,"column":8},"end":{"line":85,"column":null}}},"12":{"name":"(anonymous_29)","decl":{"start":{"line":80,"column":57},"end":{"line":80,"column":60}},"loc":{"start":{"line":80,"column":63},"end":{"line":80,"column":82}}},"13":{"name":"(anonymous_30)","decl":{"start":{"line":83,"column":54},"end":{"line":83,"column":57}},"loc":{"start":{"line":83,"column":60},"end":{"line":83,"column":84}}}},"branchMap":{"0":{"loc":{"start":{"line":21,"column":4},"end":{"line":28,"column":5}},"type":"if","locations":[{"start":{"line":21,"column":4},"end":{"line":28,"column":5}}]},"1":{"loc":{"start":{"line":47,"column":11},"end":{"line":47,"column":62}},"type":"binary-expr","locations":[{"start":{"line":47,"column":11},"end":{"line":47,"column":53}},{"start":{"line":47,"column":57},"end":{"line":47,"column":62}}]},"2":{"loc":{"start":{"line":47,"column":11},"end":{"line":47,"column":53}},"type":"cond-expr","locations":[{"start":{"line":47,"column":47},"end":{"line":47,"column":49}},{"start":{"line":47,"column":47},"end":{"line":47,"column":53}}]},"3":{"loc":{"start":{"line":47,"column":11},"end":{"line":47,"column":49}},"type":"binary-expr","locations":[{"start":{"line":47,"column":11},"end":{"line":47,"column":49}},{"start":{"line":47,"column":47},"end":{"line":47,"column":49}}]},"4":{"loc":{"start":{"line":72,"column":24},"end":{"line":72,"column":67}},"type":"cond-expr","locations":[{"start":{"line":72,"column":46},"end":{"line":72,"column":55}},{"start":{"line":72,"column":58},"end":{"line":72,"column":67}}]},"5":{"loc":{"start":{"line":100,"column":7},"end":{"line":105,"column":null}},"type":"cond-expr","locations":[{"start":{"line":101,"column":8},"end":{"line":101,"column":19}},{"start":{"line":102,"column":10},"end":{"line":105,"column":null}}]},"6":{"loc":{"start":{"line":102,"column":10},"end":{"line":105,"column":null}},"type":"cond-expr","locations":[{"start":{"line":103,"column":8},"end":{"line":103,"column":65}},{"start":{"line":105,"column":8},"end":{"line":105,"column":62}}]},"7":{"loc":{"start":{"line":108,"column":7},"end":{"line":109,"column":null}},"type":"binary-expr","locations":[{"start":{"line":108,"column":7},"end":{"line":108,"column":15}},{"start":{"line":109,"column":8},"end":{"line":109,"column":93}}]}},"s":{"0":0,"1":0,"2":0,"3":0,"4":0,"5":0,"6":0,"7":0,"8":0,"9":0,"10":0,"11":0,"12":0,"13":0,"14":0,"15":0,"16":0,"17":0,"18":0,"19":0,"20":0,"21":0,"22":0,"23":0,"24":0,"25":0,"26":0,"27":0,"28":0,"29":0,"30":0,"31":0,"32":0,"33":0,"34":0,"35":0,"36":0,"37":0,"38":0,"39":0,"40":0,"41":0,"42":0},"f":{"0":0,"1":0,"2":0,"3":0,"4":0,"5":0,"6":0,"7":0,"8":0,"9":0,"10":0,"11":0,"12":0,"13":0},"b":{"0":[0],"1":[0,0],"2":[0,0],"3":[0,0],"4":[0,0],"5":[0,0],"6":[0,0],"7":[0,0]}}
,"/Users/tioprasetyo/tio/projectcode/sawit-pro/src/hooks/useFetchData.ts": {"path":"/Users/tioprasetyo/tio/projectcode/sawit-pro/src/hooks/useFetchData.ts","statementMap":{"0":{"start":{"line":1,"column":0},"end":{"line":1,"column":34}},"1":{"start":{"line":2,"column":0},"end":{"line":2,"column":55}},"2":{"start":{"line":3,"column":0},"end":{"line":3,"column":29}},"3":{"start":{"line":4,"column":0},"end":{"line":4,"column":114}},"4":{"start":{"line":5,"column":0},"end":{"line":5,"column":110}},"5":{"start":{"line":6,"column":0},"end":{"line":6,"column":102}},"6":{"start":{"line":7,"column":0},"end":{"line":7,"column":102}},"7":{"start":{"line":10,"column":32},"end":{"line":31,"column":1}},"8":{"start":{"line":11,"column":19},"end":{"line":11,"column":32}},"9":{"start":{"line":12,"column":19},"end":{"line":12,"column":68}},"10":{"start":{"line":12,"column":53},"end":{"line":12,"column":67}},"11":{"start":{"line":14,"column":2},"end":{"line":28,"column":17}},"12":{"start":{"line":15,"column":22},"end":{"line":25,"column":6}},"13":{"start":{"line":15,"column":33},"end":{"line":25,"column":6}},"14":{"start":{"line":16,"column":6},"end":{"line":24,"column":7}},"15":{"start":{"line":17,"column":8},"end":{"line":17,"column":42}},"16":{"start":{"line":18,"column":21},"end":{"line":18,"column":48}},"17":{"start":{"line":19,"column":8},"end":{"line":19,"column":36}},"18":{"start":{"line":21,"column":8},"end":{"line":21,"column":103}},"19":{"start":{"line":23,"column":8},"end":{"line":23,"column":43}},"20":{"start":{"line":27,"column":4},"end":{"line":27,"column":16}},"21":{"start":{"line":30,"column":2},"end":{"line":30,"column":18}},"22":{"start":{"line":10,"column":13},"end":{"line":10,"column":32}},"23":{"start":{"line":33,"column":31},"end":{"line":54,"column":1}},"24":{"start":{"line":34,"column":19},"end":{"line":34,"column":32}},"25":{"start":{"line":35,"column":18},"end":{"line":35,"column":66}},"26":{"start":{"line":35,"column":52},"end":{"line":35,"column":65}},"27":{"start":{"line":37,"column":2},"end":{"line":51,"column":17}},"28":{"start":{"line":38,"column":22},"end":{"line":48,"column":6}},"29":{"start":{"line":38,"column":33},"end":{"line":48,"column":6}},"30":{"start":{"line":39,"column":6},"end":{"line":47,"column":7}},"31":{"start":{"line":40,"column":8},"end":{"line":40,"column":41}},"32":{"start":{"line":41,"column":21},"end":{"line":41,"column":47}},"33":{"start":{"line":42,"column":8},"end":{"line":42,"column":35}},"34":{"start":{"line":44,"column":8},"end":{"line":44,"column":101}},"35":{"start":{"line":46,"column":8},"end":{"line":46,"column":42}},"36":{"start":{"line":50,"column":4},"end":{"line":50,"column":16}},"37":{"start":{"line":53,"column":2},"end":{"line":53,"column":17}},"38":{"start":{"line":33,"column":13},"end":{"line":33,"column":31}},"39":{"start":{"line":56,"column":29},"end":{"line":77,"column":1}},"40":{"start":{"line":57,"column":19},"end":{"line":57,"column":32}},"41":{"start":{"line":58,"column":16},"end":{"line":58,"column":62}},"42":{"start":{"line":58,"column":50},"end":{"line":58,"column":61}},"43":{"start":{"line":60,"column":2},"end":{"line":74,"column":17}},"44":{"start":{"line":61,"column":22},"end":{"line":71,"column":6}},"45":{"start":{"line":61,"column":33},"end":{"line":71,"column":6}},"46":{"start":{"line":62,"column":6},"end":{"line":70,"column":7}},"47":{"start":{"line":63,"column":8},"end":{"line":63,"column":39}},"48":{"start":{"line":64,"column":21},"end":{"line":64,"column":45}},"49":{"start":{"line":65,"column":8},"end":{"line":65,"column":33}},"50":{"start":{"line":67,"column":8},"end":{"line":67,"column":97}},"51":{"start":{"line":69,"column":8},"end":{"line":69,"column":40}},"52":{"start":{"line":73,"column":4},"end":{"line":73,"column":16}},"53":{"start":{"line":76,"column":2},"end":{"line":76,"column":15}},"54":{"start":{"line":56,"column":13},"end":{"line":56,"column":29}},"55":{"start":{"line":79,"column":29},"end":{"line":100,"column":1}},"56":{"start":{"line":80,"column":19},"end":{"line":80,"column":32}},"57":{"start":{"line":81,"column":16},"end":{"line":81,"column":62}},"58":{"start":{"line":81,"column":50},"end":{"line":81,"column":61}},"59":{"start":{"line":83,"column":2},"end":{"line":97,"column":17}},"60":{"start":{"line":84,"column":22},"end":{"line":94,"column":6}},"61":{"start":{"line":84,"column":33},"end":{"line":94,"column":6}},"62":{"start":{"line":85,"column":6},"end":{"line":93,"column":7}},"63":{"start":{"line":86,"column":8},"end":{"line":86,"column":39}},"64":{"start":{"line":87,"column":21},"end":{"line":87,"column":45}},"65":{"start":{"line":88,"column":8},"end":{"line":88,"column":33}},"66":{"start":{"line":90,"column":8},"end":{"line":90,"column":97}},"67":{"start":{"line":92,"column":8},"end":{"line":92,"column":40}},"68":{"start":{"line":96,"column":4},"end":{"line":96,"column":16}},"69":{"start":{"line":99,"column":2},"end":{"line":99,"column":15}},"70":{"start":{"line":79,"column":13},"end":{"line":79,"column":29}}},"fnMap":{"0":{"name":"(anonymous_7)","decl":{"start":{"line":10,"column":32},"end":{"line":10,"column":35}},"loc":{"start":{"line":10,"column":37},"end":{"line":31,"column":1}}},"1":{"name":"(anonymous_8)","decl":{"start":{"line":12,"column":31},"end":{"line":12,"column":32}},"loc":{"start":{"line":12,"column":53},"end":{"line":12,"column":67}}},"2":{"name":"(anonymous_9)","decl":{"start":{"line":14,"column":12},"end":{"line":14,"column":15}},"loc":{"start":{"line":14,"column":17},"end":{"line":28,"column":3}}},"3":{"name":"(anonymous_10)","decl":{"start":{"line":15,"column":22},"end":{"line":15,"column":31}},"loc":{"start":{"line":15,"column":33},"end":{"line":25,"column":6}}},"4":{"name":"(anonymous_11)","decl":{"start":{"line":15,"column":33},"end":{"line":15,"column":null}},"loc":{"start":{"line":15,"column":33},"end":{"line":25,"column":5}}},"5":{"name":"(anonymous_12)","decl":{"start":{"line":33,"column":31},"end":{"line":33,"column":34}},"loc":{"start":{"line":33,"column":36},"end":{"line":54,"column":1}}},"6":{"name":"(anonymous_13)","decl":{"start":{"line":35,"column":30},"end":{"line":35,"column":31}},"loc":{"start":{"line":35,"column":52},"end":{"line":35,"column":65}}},"7":{"name":"(anonymous_14)","decl":{"start":{"line":37,"column":12},"end":{"line":37,"column":15}},"loc":{"start":{"line":37,"column":17},"end":{"line":51,"column":3}}},"8":{"name":"(anonymous_15)","decl":{"start":{"line":38,"column":22},"end":{"line":38,"column":31}},"loc":{"start":{"line":38,"column":33},"end":{"line":48,"column":6}}},"9":{"name":"(anonymous_16)","decl":{"start":{"line":38,"column":33},"end":{"line":38,"column":null}},"loc":{"start":{"line":38,"column":33},"end":{"line":48,"column":5}}},"10":{"name":"(anonymous_17)","decl":{"start":{"line":56,"column":29},"end":{"line":56,"column":32}},"loc":{"start":{"line":56,"column":34},"end":{"line":77,"column":1}}},"11":{"name":"(anonymous_18)","decl":{"start":{"line":58,"column":28},"end":{"line":58,"column":29}},"loc":{"start":{"line":58,"column":50},"end":{"line":58,"column":61}}},"12":{"name":"(anonymous_19)","decl":{"start":{"line":60,"column":12},"end":{"line":60,"column":15}},"loc":{"start":{"line":60,"column":17},"end":{"line":74,"column":3}}},"13":{"name":"(anonymous_20)","decl":{"start":{"line":61,"column":22},"end":{"line":61,"column":31}},"loc":{"start":{"line":61,"column":33},"end":{"line":71,"column":6}}},"14":{"name":"(anonymous_21)","decl":{"start":{"line":61,"column":33},"end":{"line":61,"column":null}},"loc":{"start":{"line":61,"column":33},"end":{"line":71,"column":5}}},"15":{"name":"(anonymous_22)","decl":{"start":{"line":79,"column":29},"end":{"line":79,"column":32}},"loc":{"start":{"line":79,"column":34},"end":{"line":100,"column":1}}},"16":{"name":"(anonymous_23)","decl":{"start":{"line":81,"column":28},"end":{"line":81,"column":29}},"loc":{"start":{"line":81,"column":50},"end":{"line":81,"column":61}}},"17":{"name":"(anonymous_24)","decl":{"start":{"line":83,"column":12},"end":{"line":83,"column":15}},"loc":{"start":{"line":83,"column":17},"end":{"line":97,"column":3}}},"18":{"name":"(anonymous_25)","decl":{"start":{"line":84,"column":22},"end":{"line":84,"column":31}},"loc":{"start":{"line":84,"column":33},"end":{"line":94,"column":6}}},"19":{"name":"(anonymous_26)","decl":{"start":{"line":84,"column":33},"end":{"line":84,"column":null}},"loc":{"start":{"line":84,"column":33},"end":{"line":94,"column":5}}}},"branchMap":{"0":{"loc":{"start":{"line":21,"column":33},"end":{"line":21,"column":100}},"type":"cond-expr","locations":[{"start":{"line":21,"column":58},"end":{"line":21,"column":71}},{"start":{"line":21,"column":74},"end":{"line":21,"column":100}}]},"1":{"loc":{"start":{"line":44,"column":32},"end":{"line":44,"column":98}},"type":"cond-expr","locations":[{"start":{"line":44,"column":57},"end":{"line":44,"column":70}},{"start":{"line":44,"column":73},"end":{"line":44,"column":98}}]},"2":{"loc":{"start":{"line":67,"column":30},"end":{"line":67,"column":94}},"type":"cond-expr","locations":[{"start":{"line":67,"column":55},"end":{"line":67,"column":68}},{"start":{"line":67,"column":71},"end":{"line":67,"column":94}}]},"3":{"loc":{"start":{"line":90,"column":30},"end":{"line":90,"column":94}},"type":"cond-expr","locations":[{"start":{"line":90,"column":55},"end":{"line":90,"column":68}},{"start":{"line":90,"column":71},"end":{"line":90,"column":94}}]}},"s":{"0":0,"1":0,"2":0,"3":0,"4":0,"5":0,"6":0,"7":0,"8":0,"9":0,"10":0,"11":0,"12":0,"13":0,"14":0,"15":0,"16":0,"17":0,"18":0,"19":0,"20":0,"21":0,"22":0,"23":0,"24":0,"25":0,"26":0,"27":0,"28":0,"29":0,"30":0,"31":0,"32":0,"33":0,"34":0,"35":0,"36":0,"37":0,"38":0,"39":0,"40":0,"41":0,"42":0,"43":0,"44":0,"45":0,"46":0,"47":0,"48":0,"49":0,"50":0,"51":0,"52":0,"53":0,"54":0,"55":0,"56":0,"57":0,"58":0,"59":0,"60":0,"61":0,"62":0,"63":0,"64":0,"65":0,"66":0,"67":0,"68":0,"69":0,"70":0},"f":{"0":0,"1":0,"2":0,"3":0,"4":0,"5":0,"6":0,"7":0,"8":0,"9":0,"10":0,"11":0,"12":0,"13":0,"14":0,"15":0,"16":0,"17":0,"18":0,"19":0},"b":{"0":[0,0],"1":[0,0],"2":[0,0],"3":[0,0]}}
,"/Users/tioprasetyo/tio/projectcode/sawit-pro/src/services/database.ts": {"path":"/Users/tioprasetyo/tio/projectcode/sawit-pro/src/services/database.ts","statementMap":{"0":{"start":{"line":2,"column":0},"end":{"line":2,"column":80}},"1":{"start":{"line":4,"column":26},"end":{"line":4,"column":28}},"2":{"start":{"line":5,"column":24},"end":{"line":5,"column":26}},"3":{"start":{"line":6,"column":20},"end":{"line":6,"column":22}},"4":{"start":{"line":7,"column":20},"end":{"line":7,"column":22}},"5":{"start":{"line":9,"column":19},"end":{"line":9,"column":83}},"6":{"start":{"line":9,"column":25},"end":{"line":9,"column":83}},"7":{"start":{"line":11,"column":13},"end":{"line":208,"column":2}},"8":{"start":{"line":13,"column":32},"end":{"line":13,"column":40}},"9":{"start":{"line":14,"column":55},"end":{"line":14,"column":86}},"10":{"start":{"line":14,"column":74},"end":{"line":14,"column":85}},"11":{"start":{"line":16,"column":20},"end":{"line":20,"column":null}},"12":{"start":{"line":22,"column":4},"end":{"line":22,"column":30}},"13":{"start":{"line":23,"column":4},"end":{"line":23,"column":22}},"14":{"start":{"line":26,"column":18},"end":{"line":26,"column":54}},"15":{"start":{"line":26,"column":42},"end":{"line":26,"column":53}},"16":{"start":{"line":27,"column":4},"end":{"line":27,"column":34}},"17":{"start":{"line":27,"column":22},"end":{"line":27,"column":34}},"18":{"start":{"line":28,"column":4},"end":{"line":32,"column":6}},"19":{"start":{"line":33,"column":4},"end":{"line":33,"column":27}},"20":{"start":{"line":36,"column":18},"end":{"line":36,"column":54}},"21":{"start":{"line":36,"column":42},"end":{"line":36,"column":53}},"22":{"start":{"line":37,"column":4},"end":{"line":37,"column":35}},"23":{"start":{"line":37,"column":22},"end":{"line":37,"column":35}},"24":{"start":{"line":38,"column":4},"end":{"line":38,"column":30}},"25":{"start":{"line":39,"column":4},"end":{"line":39,"column":16}},"26":{"start":{"line":43,"column":30},"end":{"line":43,"column":37}},"27":{"start":{"line":44,"column":53},"end":{"line":44,"column":83}},"28":{"start":{"line":44,"column":71},"end":{"line":44,"column":82}},"29":{"start":{"line":46,"column":19},"end":{"line":50,"column":null}},"30":{"start":{"line":52,"column":4},"end":{"line":52,"column":28}},"31":{"start":{"line":53,"column":4},"end":{"line":53,"column":21}},"32":{"start":{"line":56,"column":18},"end":{"line":56,"column":53}},"33":{"start":{"line":56,"column":41},"end":{"line":56,"column":52}},"34":{"start":{"line":57,"column":4},"end":{"line":57,"column":34}},"35":{"start":{"line":57,"column":22},"end":{"line":57,"column":34}},"36":{"start":{"line":58,"column":4},"end":{"line":62,"column":6}},"37":{"start":{"line":63,"column":4},"end":{"line":63,"column":26}},"38":{"start":{"line":66,"column":18},"end":{"line":66,"column":53}},"39":{"start":{"line":66,"column":41},"end":{"line":66,"column":52}},"40":{"start":{"line":67,"column":4},"end":{"line":67,"column":35}},"41":{"start":{"line":67,"column":22},"end":{"line":67,"column":35}},"42":{"start":{"line":68,"column":4},"end":{"line":68,"column":29}},"43":{"start":{"line":69,"column":4},"end":{"line":69,"column":16}},"44":{"start":{"line":73,"column":26},"end":{"line":73,"column":31}},"45":{"start":{"line":74,"column":49},"end":{"line":74,"column":77}},"46":{"start":{"line":74,"column":65},"end":{"line":74,"column":76}},"47":{"start":{"line":76,"column":17},"end":{"line":80,"column":null}},"48":{"start":{"line":82,"column":4},"end":{"line":82,"column":24}},"49":{"start":{"line":83,"column":4},"end":{"line":83,"column":19}},"50":{"start":{"line":86,"column":18},"end":{"line":86,"column":51}},"51":{"start":{"line":86,"column":39},"end":{"line":86,"column":50}},"52":{"start":{"line":87,"column":4},"end":{"line":87,"column":34}},"53":{"start":{"line":87,"column":22},"end":{"line":87,"column":34}},"54":{"start":{"line":88,"column":4},"end":{"line":92,"column":6}},"55":{"start":{"line":93,"column":4},"end":{"line":93,"column":24}},"56":{"start":{"line":96,"column":18},"end":{"line":96,"column":51}},"57":{"start":{"line":96,"column":39},"end":{"line":96,"column":50}},"58":{"start":{"line":97,"column":4},"end":{"line":97,"column":35}},"59":{"start":{"line":97,"column":22},"end":{"line":97,"column":35}},"60":{"start":{"line":98,"column":4},"end":{"line":98,"column":27}},"61":{"start":{"line":99,"column":4},"end":{"line":99,"column":16}},"62":{"start":{"line":103,"column":26},"end":{"line":103,"column":31}},"63":{"start":{"line":104,"column":49},"end":{"line":104,"column":77}},"64":{"start":{"line":104,"column":65},"end":{"line":104,"column":76}},"65":{"start":{"line":106,"column":17},"end":{"line":110,"column":null}},"66":{"start":{"line":112,"column":4},"end":{"line":112,"column":24}},"67":{"start":{"line":113,"column":4},"end":{"line":113,"column":19}},"68":{"start":{"line":116,"column":18},"end":{"line":116,"column":51}},"69":{"start":{"line":116,"column":39},"end":{"line":116,"column":50}},"70":{"start":{"line":117,"column":4},"end":{"line":117,"column":34}},"71":{"start":{"line":117,"column":22},"end":{"line":117,"column":34}},"72":{"start":{"line":118,"column":4},"end":{"line":122,"column":6}},"73":{"start":{"line":123,"column":4},"end":{"line":123,"column":24}},"74":{"start":{"line":126,"column":18},"end":{"line":126,"column":51}},"75":{"start":{"line":126,"column":39},"end":{"line":126,"column":50}},"76":{"start":{"line":127,"column":4},"end":{"line":127,"column":35}},"77":{"start":{"line":127,"column":22},"end":{"line":127,"column":35}},"78":{"start":{"line":128,"column":4},"end":{"line":128,"column":27}},"79":{"start":{"line":129,"column":4},"end":{"line":129,"column":16}},"80":{"start":{"line":135,"column":4},"end":{"line":135,"column":18}},"81":{"start":{"line":136,"column":4},"end":{"line":136,"column":17}},"82":{"start":{"line":137,"column":4},"end":{"line":137,"column":15}},"83":{"start":{"line":138,"column":4},"end":{"line":138,"column":15}},"84":{"start":{"line":141,"column":20},"end":{"line":146,"column":6}},"85":{"start":{"line":148,"column":20},"end":{"line":153,"column":6}},"86":{"start":{"line":156,"column":21},"end":{"line":162,"column":6}},"87":{"start":{"line":164,"column":4},"end":{"line":170,"column":7}},"88":{"start":{"line":173,"column":18},"end":{"line":183,"column":6}},"89":{"start":{"line":185,"column":18},"end":{"line":195,"column":6}},"90":{"start":{"line":198,"column":4},"end":{"line":206,"column":7}}},"fnMap":{"0":{"name":"(anonymous_0)","decl":{"start":{"line":9,"column":19},"end":{"line":9,"column":22}},"loc":{"start":{"line":9,"column":25},"end":{"line":9,"column":83}}},"1":{"name":"(anonymous_1)","decl":{"start":{"line":13,"column":15},"end":{"line":13,"column":29}},"loc":{"start":{"line":13,"column":32},"end":{"line":13,"column":40}}},"2":{"name":"(anonymous_2)","decl":{"start":{"line":14,"column":18},"end":{"line":14,"column":19}},"loc":{"start":{"line":14,"column":55},"end":{"line":14,"column":86}}},"3":{"name":"(anonymous_3)","decl":{"start":{"line":14,"column":69},"end":{"line":14,"column":70}},"loc":{"start":{"line":14,"column":74},"end":{"line":14,"column":85}}},"4":{"name":"(anonymous_4)","decl":{"start":{"line":15,"column":14},"end":{"line":15,"column":15}},"loc":{"start":{"line":15,"column":84},"end":{"line":24,"column":3}}},"5":{"name":"(anonymous_5)","decl":{"start":{"line":25,"column":17},"end":{"line":25,"column":18}},"loc":{"start":{"line":25,"column":75},"end":{"line":34,"column":3}}},"6":{"name":"(anonymous_6)","decl":{"start":{"line":26,"column":37},"end":{"line":26,"column":38}},"loc":{"start":{"line":26,"column":42},"end":{"line":26,"column":53}}},"7":{"name":"(anonymous_7)","decl":{"start":{"line":35,"column":17},"end":{"line":35,"column":18}},"loc":{"start":{"line":35,"column":41},"end":{"line":40,"column":3}}},"8":{"name":"(anonymous_8)","decl":{"start":{"line":36,"column":37},"end":{"line":36,"column":38}},"loc":{"start":{"line":36,"column":42},"end":{"line":36,"column":53}}},"9":{"name":"(anonymous_9)","decl":{"start":{"line":43,"column":14},"end":{"line":43,"column":27}},"loc":{"start":{"line":43,"column":30},"end":{"line":43,"column":37}}},"10":{"name":"(anonymous_10)","decl":{"start":{"line":44,"column":17},"end":{"line":44,"column":18}},"loc":{"start":{"line":44,"column":53},"end":{"line":44,"column":83}}},"11":{"name":"(anonymous_11)","decl":{"start":{"line":44,"column":66},"end":{"line":44,"column":67}},"loc":{"start":{"line":44,"column":71},"end":{"line":44,"column":82}}},"12":{"name":"(anonymous_12)","decl":{"start":{"line":45,"column":13},"end":{"line":45,"column":14}},"loc":{"start":{"line":45,"column":80},"end":{"line":54,"column":3}}},"13":{"name":"(anonymous_13)","decl":{"start":{"line":55,"column":16},"end":{"line":55,"column":17}},"loc":{"start":{"line":55,"column":72},"end":{"line":64,"column":3}}},"14":{"name":"(anonymous_14)","decl":{"start":{"line":56,"column":36},"end":{"line":56,"column":37}},"loc":{"start":{"line":56,"column":41},"end":{"line":56,"column":52}}},"15":{"name":"(anonymous_15)","decl":{"start":{"line":65,"column":16},"end":{"line":65,"column":17}},"loc":{"start":{"line":65,"column":40},"end":{"line":70,"column":3}}},"16":{"name":"(anonymous_16)","decl":{"start":{"line":66,"column":36},"end":{"line":66,"column":37}},"loc":{"start":{"line":66,"column":41},"end":{"line":66,"column":52}}},"17":{"name":"(anonymous_17)","decl":{"start":{"line":73,"column":12},"end":{"line":73,"column":23}},"loc":{"start":{"line":73,"column":26},"end":{"line":73,"column":31}}},"18":{"name":"(anonymous_18)","decl":{"start":{"line":74,"column":15},"end":{"line":74,"column":16}},"loc":{"start":{"line":74,"column":49},"end":{"line":74,"column":77}}},"19":{"name":"(anonymous_19)","decl":{"start":{"line":74,"column":60},"end":{"line":74,"column":61}},"loc":{"start":{"line":74,"column":65},"end":{"line":74,"column":76}}},"20":{"name":"(anonymous_20)","decl":{"start":{"line":75,"column":11},"end":{"line":75,"column":12}},"loc":{"start":{"line":75,"column":72},"end":{"line":84,"column":3}}},"21":{"name":"(anonymous_21)","decl":{"start":{"line":85,"column":14},"end":{"line":85,"column":15}},"loc":{"start":{"line":85,"column":66},"end":{"line":94,"column":3}}},"22":{"name":"(anonymous_22)","decl":{"start":{"line":86,"column":34},"end":{"line":86,"column":35}},"loc":{"start":{"line":86,"column":39},"end":{"line":86,"column":50}}},"23":{"name":"(anonymous_23)","decl":{"start":{"line":95,"column":14},"end":{"line":95,"column":15}},"loc":{"start":{"line":95,"column":38},"end":{"line":100,"column":3}}},"24":{"name":"(anonymous_24)","decl":{"start":{"line":96,"column":34},"end":{"line":96,"column":35}},"loc":{"start":{"line":96,"column":39},"end":{"line":96,"column":50}}},"25":{"name":"(anonymous_25)","decl":{"start":{"line":103,"column":12},"end":{"line":103,"column":23}},"loc":{"start":{"line":103,"column":26},"end":{"line":103,"column":31}}},"26":{"name":"(anonymous_26)","decl":{"start":{"line":104,"column":15},"end":{"line":104,"column":16}},"loc":{"start":{"line":104,"column":49},"end":{"line":104,"column":77}}},"27":{"name":"(anonymous_27)","decl":{"start":{"line":104,"column":60},"end":{"line":104,"column":61}},"loc":{"start":{"line":104,"column":65},"end":{"line":104,"column":76}}},"28":{"name":"(anonymous_28)","decl":{"start":{"line":105,"column":11},"end":{"line":105,"column":12}},"loc":{"start":{"line":105,"column":72},"end":{"line":114,"column":3}}},"29":{"name":"(anonymous_29)","decl":{"start":{"line":115,"column":14},"end":{"line":115,"column":15}},"loc":{"start":{"line":115,"column":66},"end":{"line":124,"column":3}}},"30":{"name":"(anonymous_30)","decl":{"start":{"line":116,"column":34},"end":{"line":116,"column":35}},"loc":{"start":{"line":116,"column":39},"end":{"line":116,"column":50}}},"31":{"name":"(anonymous_31)","decl":{"start":{"line":125,"column":14},"end":{"line":125,"column":15}},"loc":{"start":{"line":125,"column":38},"end":{"line":130,"column":3}}},"32":{"name":"(anonymous_32)","decl":{"start":{"line":126,"column":34},"end":{"line":126,"column":35}},"loc":{"start":{"line":126,"column":39},"end":{"line":126,"column":50}}},"33":{"name":"(anonymous_33)","decl":{"start":{"line":133,"column":12},"end":{"line":133,"column":15}},"loc":{"start":{"line":133,"column":17},"end":{"line":207,"column":3}}}},"branchMap":{"0":{"loc":{"start":{"line":27,"column":4},"end":{"line":27,"column":34}},"type":"if","locations":[{"start":{"line":27,"column":4},"end":{"line":27,"column":34}}]},"1":{"loc":{"start":{"line":37,"column":4},"end":{"line":37,"column":35}},"type":"if","locations":[{"start":{"line":37,"column":4},"end":{"line":37,"column":35}}]},"2":{"loc":{"start":{"line":57,"column":4},"end":{"line":57,"column":34}},"type":"if","locations":[{"start":{"line":57,"column":4},"end":{"line":57,"column":34}}]},"3":{"loc":{"start":{"line":67,"column":4},"end":{"line":67,"column":35}},"type":"if","locations":[{"start":{"line":67,"column":4},"end":{"line":67,"column":35}}]},"4":{"loc":{"start":{"line":87,"column":4},"end":{"line":87,"column":34}},"type":"if","locations":[{"start":{"line":87,"column":4},"end":{"line":87,"column":34}}]},"5":{"loc":{"start":{"line":97,"column":4},"end":{"line":97,"column":35}},"type":"if","locations":[{"start":{"line":97,"column":4},"end":{"line":97,"column":35}}]},"6":{"loc":{"start":{"line":117,"column":4},"end":{"line":117,"column":34}},"type":"if","locations":[{"start":{"line":117,"column":4},"end":{"line":117,"column":34}}]},"7":{"loc":{"start":{"line":127,"column":4},"end":{"line":127,"column":35}},"type":"if","locations":[{"start":{"line":127,"column":4},"end":{"line":127,"column":35}}]}},"s":{"0":1,"1":1,"2":1,"3":1,"4":1,"5":1,"6":138,"7":1,"8":11,"9":3,"10":4,"11":40,"12":40,"13":40,"14":2,"15":3,"16":2,"17":1,"18":1,"19":1,"20":2,"21":3,"22":2,"23":1,"24":1,"25":1,"26":5,"27":0,"28":0,"29":39,"30":39,"31":39,"32":1,"33":1,"34":1,"35":0,"36":1,"37":1,"38":0,"39":0,"40":0,"41":0,"42":0,"43":0,"44":4,"45":0,"46":0,"47":39,"48":39,"49":39,"50":0,"51":0,"52":0,"53":0,"54":0,"55":0,"56":0,"57":0,"58":0,"59":0,"60":0,"61":0,"62":3,"63":0,"64":0,"65":20,"66":20,"67":20,"68":0,"69":0,"70":0,"71":0,"72":0,"73":0,"74":0,"75":0,"76":0,"77":0,"78":0,"79":0,"80":19,"81":19,"82":19,"83":19,"84":19,"85":19,"86":19,"87":19,"88":19,"89":19,"90":19},"f":{"0":138,"1":11,"2":3,"3":4,"4":40,"5":2,"6":3,"7":2,"8":3,"9":5,"10":0,"11":0,"12":39,"13":1,"14":1,"15":0,"16":0,"17":4,"18":0,"19":0,"20":39,"21":0,"22":0,"23":0,"24":0,"25":3,"26":0,"27":0,"28":20,"29":0,"30":0,"31":0,"32":0,"33":19},"b":{"0":[1],"1":[1],"2":[0],"3":[0],"4":[0],"5":[0],"6":[0],"7":[0]}}
,"/Users/tioprasetyo/tio/projectcode/sawit-pro/src/store/driverSlice.ts": {"path":"/Users/tioprasetyo/tio/projectcode/sawit-pro/src/store/driverSlice.ts","statementMap":{"0":{"start":{"line":1,"column":0},"end":{"line":1,"column":67}},"1":{"start":{"line":10,"column":34},"end":{"line":14,"column":2}},"2":{"start":{"line":16,"column":20},"end":{"line":44,"column":2}},"3":{"start":{"line":21,"column":6},"end":{"line":21,"column":35}},"4":{"start":{"line":22,"column":6},"end":{"line":22,"column":28}},"5":{"start":{"line":23,"column":6},"end":{"line":23,"column":25}},"6":{"start":{"line":26,"column":6},"end":{"line":26,"column":39}},"7":{"start":{"line":29,"column":20},"end":{"line":29,"column":74}},"8":{"start":{"line":29,"column":47},"end":{"line":29,"column":73}},"9":{"start":{"line":30,"column":6},"end":{"line":32,"column":7}},"10":{"start":{"line":31,"column":8},"end":{"line":31,"column":44}},"11":{"start":{"line":35,"column":6},"end":{"line":35,"column":69}},"12":{"start":{"line":35,"column":44},"end":{"line":35,"column":67}},"13":{"start":{"line":38,"column":6},"end":{"line":38,"column":37}},"14":{"start":{"line":41,"column":6},"end":{"line":41,"column":35}},"15":{"start":{"line":46,"column":13},"end":{"line":52,"column":null}},"16":{"start":{"line":55,"column":0},"end":{"line":55,"column":35}}},"fnMap":{"0":{"name":"(anonymous_0)","decl":{"start":{"line":20,"column":16},"end":{"line":20,"column":17}},"loc":{"start":{"line":20,"column":59},"end":{"line":24,"column":5}}},"1":{"name":"(anonymous_1)","decl":{"start":{"line":25,"column":15},"end":{"line":25,"column":16}},"loc":{"start":{"line":25,"column":56},"end":{"line":27,"column":5}}},"2":{"name":"(anonymous_2)","decl":{"start":{"line":28,"column":18},"end":{"line":28,"column":19}},"loc":{"start":{"line":28,"column":59},"end":{"line":33,"column":5}}},"3":{"name":"(anonymous_3)","decl":{"start":{"line":29,"column":42},"end":{"line":29,"column":43}},"loc":{"start":{"line":29,"column":47},"end":{"line":29,"column":73}}},"4":{"name":"(anonymous_4)","decl":{"start":{"line":34,"column":18},"end":{"line":34,"column":19}},"loc":{"start":{"line":34,"column":59},"end":{"line":36,"column":5}}},"5":{"name":"(anonymous_5)","decl":{"start":{"line":35,"column":39},"end":{"line":35,"column":40}},"loc":{"start":{"line":35,"column":44},"end":{"line":35,"column":67}}},"6":{"name":"(anonymous_6)","decl":{"start":{"line":37,"column":16},"end":{"line":37,"column":17}},"loc":{"start":{"line":37,"column":58},"end":{"line":39,"column":5}}},"7":{"name":"(anonymous_7)","decl":{"start":{"line":40,"column":14},"end":{"line":40,"column":15}},"loc":{"start":{"line":40,"column":62},"end":{"line":42,"column":5}}}},"branchMap":{"0":{"loc":{"start":{"line":30,"column":6},"end":{"line":32,"column":7}},"type":"if","locations":[{"start":{"line":30,"column":6},"end":{"line":32,"column":7}}]}},"s":{"0":0,"1":0,"2":0,"3":0,"4":0,"5":0,"6":0,"7":0,"8":0,"9":0,"10":0,"11":0,"12":0,"13":0,"14":0,"15":0,"16":0},"f":{"0":0,"1":0,"2":0,"3":0,"4":0,"5":0,"6":0,"7":0},"b":{"0":[0]}}
,"/Users/tioprasetyo/tio/projectcode/sawit-pro/src/store/millSlice.ts": {"path":"/Users/tioprasetyo/tio/projectcode/sawit-pro/src/store/millSlice.ts","statementMap":{"0":{"start":{"line":1,"column":0},"end":{"line":1,"column":67}},"1":{"start":{"line":10,"column":32},"end":{"line":14,"column":2}},"2":{"start":{"line":16,"column":18},"end":{"line":44,"column":2}},"3":{"start":{"line":21,"column":6},"end":{"line":21,"column":35}},"4":{"start":{"line":22,"column":6},"end":{"line":22,"column":28}},"5":{"start":{"line":23,"column":6},"end":{"line":23,"column":25}},"6":{"start":{"line":26,"column":6},"end":{"line":26,"column":39}},"7":{"start":{"line":29,"column":20},"end":{"line":29,"column":74}},"8":{"start":{"line":29,"column":47},"end":{"line":29,"column":73}},"9":{"start":{"line":30,"column":6},"end":{"line":32,"column":7}},"10":{"start":{"line":31,"column":8},"end":{"line":31,"column":44}},"11":{"start":{"line":35,"column":6},"end":{"line":35,"column":69}},"12":{"start":{"line":35,"column":44},"end":{"line":35,"column":67}},"13":{"start":{"line":38,"column":6},"end":{"line":38,"column":37}},"14":{"start":{"line":41,"column":6},"end":{"line":41,"column":35}},"15":{"start":{"line":46,"column":13},"end":{"line":52,"column":null}},"16":{"start":{"line":55,"column":0},"end":{"line":55,"column":33}}},"fnMap":{"0":{"name":"(anonymous_0)","decl":{"start":{"line":20,"column":14},"end":{"line":20,"column":15}},"loc":{"start":{"line":20,"column":55},"end":{"line":24,"column":5}}},"1":{"name":"(anonymous_1)","decl":{"start":{"line":25,"column":13},"end":{"line":25,"column":14}},"loc":{"start":{"line":25,"column":52},"end":{"line":27,"column":5}}},"2":{"name":"(anonymous_2)","decl":{"start":{"line":28,"column":16},"end":{"line":28,"column":17}},"loc":{"start":{"line":28,"column":55},"end":{"line":33,"column":5}}},"3":{"name":"(anonymous_3)","decl":{"start":{"line":29,"column":42},"end":{"line":29,"column":43}},"loc":{"start":{"line":29,"column":47},"end":{"line":29,"column":73}}},"4":{"name":"(anonymous_4)","decl":{"start":{"line":34,"column":16},"end":{"line":34,"column":17}},"loc":{"start":{"line":34,"column":57},"end":{"line":36,"column":5}}},"5":{"name":"(anonymous_5)","decl":{"start":{"line":35,"column":39},"end":{"line":35,"column":40}},"loc":{"start":{"line":35,"column":44},"end":{"line":35,"column":67}}},"6":{"name":"(anonymous_6)","decl":{"start":{"line":37,"column":16},"end":{"line":37,"column":17}},"loc":{"start":{"line":37,"column":58},"end":{"line":39,"column":5}}},"7":{"name":"(anonymous_7)","decl":{"start":{"line":40,"column":14},"end":{"line":40,"column":15}},"loc":{"start":{"line":40,"column":62},"end":{"line":42,"column":5}}}},"branchMap":{"0":{"loc":{"start":{"line":30,"column":6},"end":{"line":32,"column":7}},"type":"if","locations":[{"start":{"line":30,"column":6},"end":{"line":32,"column":7}}]}},"s":{"0":0,"1":0,"2":0,"3":0,"4":0,"5":0,"6":0,"7":0,"8":0,"9":0,"10":0,"11":0,"12":0,"13":0,"14":0,"15":0,"16":0},"f":{"0":0,"1":0,"2":0,"3":0,"4":0,"5":0,"6":0,"7":0},"b":{"0":[0]}}
,"/Users/tioprasetyo/tio/projectcode/sawit-pro/src/store/tripSlice.ts": {"path":"/Users/tioprasetyo/tio/projectcode/sawit-pro/src/store/tripSlice.ts","statementMap":{"0":{"start":{"line":1,"column":0},"end":{"line":1,"column":67}},"1":{"start":{"line":10,"column":32},"end":{"line":14,"column":2}},"2":{"start":{"line":16,"column":18},"end":{"line":44,"column":2}},"3":{"start":{"line":21,"column":6},"end":{"line":21,"column":35}},"4":{"start":{"line":22,"column":6},"end":{"line":22,"column":28}},"5":{"start":{"line":23,"column":6},"end":{"line":23,"column":25}},"6":{"start":{"line":26,"column":6},"end":{"line":26,"column":39}},"7":{"start":{"line":29,"column":20},"end":{"line":29,"column":74}},"8":{"start":{"line":29,"column":47},"end":{"line":29,"column":73}},"9":{"start":{"line":30,"column":6},"end":{"line":32,"column":7}},"10":{"start":{"line":31,"column":8},"end":{"line":31,"column":44}},"11":{"start":{"line":35,"column":6},"end":{"line":35,"column":69}},"12":{"start":{"line":35,"column":44},"end":{"line":35,"column":67}},"13":{"start":{"line":38,"column":6},"end":{"line":38,"column":37}},"14":{"start":{"line":41,"column":6},"end":{"line":41,"column":35}},"15":{"start":{"line":46,"column":13},"end":{"line":52,"column":null}},"16":{"start":{"line":55,"column":0},"end":{"line":55,"column":33}}},"fnMap":{"0":{"name":"(anonymous_0)","decl":{"start":{"line":20,"column":14},"end":{"line":20,"column":15}},"loc":{"start":{"line":20,"column":55},"end":{"line":24,"column":5}}},"1":{"name":"(anonymous_1)","decl":{"start":{"line":25,"column":13},"end":{"line":25,"column":14}},"loc":{"start":{"line":25,"column":52},"end":{"line":27,"column":5}}},"2":{"name":"(anonymous_2)","decl":{"start":{"line":28,"column":16},"end":{"line":28,"column":17}},"loc":{"start":{"line":28,"column":55},"end":{"line":33,"column":5}}},"3":{"name":"(anonymous_3)","decl":{"start":{"line":29,"column":42},"end":{"line":29,"column":43}},"loc":{"start":{"line":29,"column":47},"end":{"line":29,"column":73}}},"4":{"name":"(anonymous_4)","decl":{"start":{"line":34,"column":16},"end":{"line":34,"column":17}},"loc":{"start":{"line":34,"column":57},"end":{"line":36,"column":5}}},"5":{"name":"(anonymous_5)","decl":{"start":{"line":35,"column":39},"end":{"line":35,"column":40}},"loc":{"start":{"line":35,"column":44},"end":{"line":35,"column":67}}},"6":{"name":"(anonymous_6)","decl":{"start":{"line":37,"column":16},"end":{"line":37,"column":17}},"loc":{"start":{"line":37,"column":58},"end":{"line":39,"column":5}}},"7":{"name":"(anonymous_7)","decl":{"start":{"line":40,"column":14},"end":{"line":40,"column":15}},"loc":{"start":{"line":40,"column":62},"end":{"line":42,"column":5}}}},"branchMap":{"0":{"loc":{"start":{"line":30,"column":6},"end":{"line":32,"column":7}},"type":"if","locations":[{"start":{"line":30,"column":6},"end":{"line":32,"column":7}}]}},"s":{"0":0,"1":0,"2":0,"3":0,"4":0,"5":0,"6":0,"7":0,"8":0,"9":0,"10":0,"11":0,"12":0,"13":0,"14":0,"15":0,"16":0},"f":{"0":0,"1":0,"2":0,"3":0,"4":0,"5":0,"6":0,"7":0},"b":{"0":[0]}}
,"/Users/tioprasetyo/tio/projectcode/sawit-pro/src/store/vehicleSlice.ts": {"path":"/Users/tioprasetyo/tio/projectcode/sawit-pro/src/store/vehicleSlice.ts","statementMap":{"0":{"start":{"line":1,"column":0},"end":{"line":1,"column":67}},"1":{"start":{"line":10,"column":35},"end":{"line":14,"column":2}},"2":{"start":{"line":16,"column":21},"end":{"line":44,"column":2}},"3":{"start":{"line":21,"column":6},"end":{"line":21,"column":35}},"4":{"start":{"line":22,"column":6},"end":{"line":22,"column":28}},"5":{"start":{"line":23,"column":6},"end":{"line":23,"column":25}},"6":{"start":{"line":26,"column":6},"end":{"line":26,"column":39}},"7":{"start":{"line":29,"column":20},"end":{"line":29,"column":74}},"8":{"start":{"line":29,"column":47},"end":{"line":29,"column":73}},"9":{"start":{"line":30,"column":6},"end":{"line":32,"column":7}},"10":{"start":{"line":31,"column":8},"end":{"line":31,"column":44}},"11":{"start":{"line":35,"column":6},"end":{"line":35,"column":69}},"12":{"start":{"line":35,"column":44},"end":{"line":35,"column":67}},"13":{"start":{"line":38,"column":6},"end":{"line":38,"column":37}},"14":{"start":{"line":41,"column":6},"end":{"line":41,"column":35}},"15":{"start":{"line":46,"column":13},"end":{"line":52,"column":null}},"16":{"start":{"line":55,"column":0},"end":{"line":55,"column":36}}},"fnMap":{"0":{"name":"(anonymous_0)","decl":{"start":{"line":20,"column":17},"end":{"line":20,"column":18}},"loc":{"start":{"line":20,"column":61},"end":{"line":24,"column":5}}},"1":{"name":"(anonymous_1)","decl":{"start":{"line":25,"column":16},"end":{"line":25,"column":17}},"loc":{"start":{"line":25,"column":58},"end":{"line":27,"column":5}}},"2":{"name":"(anonymous_2)","decl":{"start":{"line":28,"column":19},"end":{"line":28,"column":20}},"loc":{"start":{"line":28,"column":61},"end":{"line":33,"column":5}}},"3":{"name":"(anonymous_3)","decl":{"start":{"line":29,"column":42},"end":{"line":29,"column":43}},"loc":{"start":{"line":29,"column":47},"end":{"line":29,"column":73}}},"4":{"name":"(anonymous_4)","decl":{"start":{"line":34,"column":19},"end":{"line":34,"column":20}},"loc":{"start":{"line":34,"column":60},"end":{"line":36,"column":5}}},"5":{"name":"(anonymous_5)","decl":{"start":{"line":35,"column":39},"end":{"line":35,"column":40}},"loc":{"start":{"line":35,"column":44},"end":{"line":35,"column":67}}},"6":{"name":"(anonymous_6)","decl":{"start":{"line":37,"column":16},"end":{"line":37,"column":17}},"loc":{"start":{"line":37,"column":58},"end":{"line":39,"column":5}}},"7":{"name":"(anonymous_7)","decl":{"start":{"line":40,"column":14},"end":{"line":40,"column":15}},"loc":{"start":{"line":40,"column":62},"end":{"line":42,"column":5}}}},"branchMap":{"0":{"loc":{"start":{"line":30,"column":6},"end":{"line":32,"column":7}},"type":"if","locations":[{"start":{"line":30,"column":6},"end":{"line":32,"column":7}}]}},"s":{"0":1,"1":1,"2":1,"3":2,"4":2,"5":2,"6":3,"7":2,"8":2,"9":2,"10":1,"11":2,"12":4,"13":1,"14":2,"15":1,"16":1},"f":{"0":2,"1":3,"2":2,"3":2,"4":2,"5":4,"6":1,"7":2},"b":{"0":[1]}}
}
